INFO - 2023-12-17 10:11:30 --> Session: Class initialized using 'CodeIgniter\Session\Handlers\FileHandler' driver.
INFO - 2023-12-17 10:11:36 --> Session: Class initialized using 'CodeIgniter\Session\Handlers\FileHandler' driver.
INFO - 2023-12-17 10:12:03 --> Session: Class initialized using 'CodeIgniter\Session\Handlers\FileHandler' driver.
INFO - 2023-12-17 10:12:05 --> Session: Class initialized using 'CodeIgniter\Session\Handlers\FileHandler' driver.
INFO - 2023-12-17 10:14:39 --> Session: Class initialized using 'CodeIgniter\Session\Handlers\FileHandler' driver.
INFO - 2023-12-17 10:29:17 --> Session: Class initialized using 'CodeIgniter\Session\Handlers\FileHandler' driver.
INFO - 2023-12-17 10:29:20 --> Session: Class initialized using 'CodeIgniter\Session\Handlers\FileHandler' driver.
INFO - 2023-12-17 10:29:23 --> Session: Class initialized using 'CodeIgniter\Session\Handlers\FileHandler' driver.
INFO - 2023-12-17 10:29:36 --> Session: Class initialized using 'CodeIgniter\Session\Handlers\FileHandler' driver.
INFO - 2023-12-17 10:29:36 --> Session: Class initialized using 'CodeIgniter\Session\Handlers\FileHandler' driver.
INFO - 2023-12-17 10:31:33 --> Session: Class initialized using 'CodeIgniter\Session\Handlers\FileHandler' driver.
INFO - 2023-12-17 10:31:35 --> Session: Class initialized using 'CodeIgniter\Session\Handlers\FileHandler' driver.
CRITICAL - 2023-12-17 10:31:35 --> Undefined variable: service_id
in APPPATH\Views\service\edit.php on line 186.
 1 APPPATH\Views\service\edit.php(186): CodeIgniter\Debug\Exceptions->errorHandler(8, 'Undefined variable: service_id', 'E:\\xamp\\htdocs\\wdpf55_codegitore\\Car_Repair_Admin_template\\app\\Views\\service\\edit.php', 186, [...])
 2 SYSTEMPATH\View\View.php(228): include('E:\\xamp\\htdocs\\wdpf55_codegitore\\Car_Repair_Admin_template\\app\\Views\\service\\edit.php')
 3 SYSTEMPATH\View\View.php(231): CodeIgniter\View\View->CodeIgniter\View\{closure}()
 4 SYSTEMPATH\Common.php(1190): CodeIgniter\View\View->render('service/edit', [], true)
 5 APPPATH\Controllers\ServiceController.php(53): view('service/edit', [...])
 6 SYSTEMPATH\CodeIgniter.php(942): App\Controllers\ServiceController->edit('1')
 7 SYSTEMPATH\CodeIgniter.php(502): CodeIgniter\CodeIgniter->runController(Object(App\Controllers\ServiceController))
 8 SYSTEMPATH\CodeIgniter.php(361): CodeIgniter\CodeIgniter->handleRequest(null, Object(Config\Cache), false)
 9 FCPATH\index.php(79): CodeIgniter\CodeIgniter->run()
10 SYSTEMPATH\Commands\Server\rewrite.php(47): require_once('E:\\xamp\\htdocs\\wdpf55_codegitore\\Car_Repair_Admin_template\\public\\index.php')
INFO - 2023-12-17 10:42:04 --> Session: Class initialized using 'CodeIgniter\Session\Handlers\FileHandler' driver.
INFO - 2023-12-17 10:42:12 --> Session: Class initialized using 'CodeIgniter\Session\Handlers\FileHandler' driver.
INFO - 2023-12-17 10:42:18 --> Session: Class initialized using 'CodeIgniter\Session\Handlers\FileHandler' driver.
CRITICAL - 2023-12-17 10:42:18 --> Undefined variable: service_id
in APPPATH\Views\service\edit.php on line 186.
 1 APPPATH\Views\service\edit.php(186): CodeIgniter\Debug\Exceptions->errorHandler(8, 'Undefined variable: service_id', 'E:\\xamp\\htdocs\\wdpf55_codegitore\\Car_Repair_Admin_template\\app\\Views\\service\\edit.php', 186, [...])
 2 SYSTEMPATH\View\View.php(228): include('E:\\xamp\\htdocs\\wdpf55_codegitore\\Car_Repair_Admin_template\\app\\Views\\service\\edit.php')
 3 SYSTEMPATH\View\View.php(231): CodeIgniter\View\View->CodeIgniter\View\{closure}()
 4 SYSTEMPATH\Common.php(1190): CodeIgniter\View\View->render('service/edit', [], true)
 5 APPPATH\Controllers\ServiceController.php(53): view('service/edit', [...])
 6 SYSTEMPATH\CodeIgniter.php(942): App\Controllers\ServiceController->edit('1')
 7 SYSTEMPATH\CodeIgniter.php(502): CodeIgniter\CodeIgniter->runController(Object(App\Controllers\ServiceController))
 8 SYSTEMPATH\CodeIgniter.php(361): CodeIgniter\CodeIgniter->handleRequest(null, Object(Config\Cache), false)
 9 FCPATH\index.php(79): CodeIgniter\CodeIgniter->run()
10 SYSTEMPATH\Commands\Server\rewrite.php(47): require_once('E:\\xamp\\htdocs\\wdpf55_codegitore\\Car_Repair_Admin_template\\public\\index.php')
INFO - 2023-12-17 10:42:51 --> Session: Class initialized using 'CodeIgniter\Session\Handlers\FileHandler' driver.
INFO - 2023-12-17 10:42:56 --> Session: Class initialized using 'CodeIgniter\Session\Handlers\FileHandler' driver.
INFO - 2023-12-17 10:53:35 --> Session: Class initialized using 'CodeIgniter\Session\Handlers\FileHandler' driver.
ERROR - 2023-12-17 10:53:40 --> mysqli_sql_exception: Unknown column 'service_id' in 'where clause' in E:\xamp\htdocs\wdpf55_codegitore\Car_Repair_Admin_template\system\Database\MySQLi\Connection.php:306
Stack trace:
#0 E:\xamp\htdocs\wdpf55_codegitore\Car_Repair_Admin_template\system\Database\MySQLi\Connection.php(306): mysqli->query('DELETE FROM `se...', 0)
#1 E:\xamp\htdocs\wdpf55_codegitore\Car_Repair_Admin_template\system\Database\BaseConnection.php(693): CodeIgniter\Database\MySQLi\Connection->execute('DELETE FROM `se...')
#2 E:\xamp\htdocs\wdpf55_codegitore\Car_Repair_Admin_template\system\Database\BaseConnection.php(607): CodeIgniter\Database\BaseConnection->simpleQuery('DELETE FROM `se...')
#3 E:\xamp\htdocs\wdpf55_codegitore\Car_Repair_Admin_template\system\Database\BaseBuilder.php(2790): CodeIgniter\Database\BaseConnection->query('DELETE FROM `se...', Array, false)
#4 E:\xamp\htdocs\wdpf55_codegitore\Car_Repair_Admin_template\system\Model.php(445): CodeIgniter\Database\BaseBuilder->delete()
#5 E:\xamp\htdocs\wdpf55_codegitore\Car_Repair_Admin_template\system\BaseModel.php(1080): CodeIgniter\Model->doDelete(NULL, false)
#6 E:\xamp\htdocs\wdpf55_codegitore\Car_Repair_Admin_template\app\Controllers\ServiceController.php(72): CodeIgniter\BaseModel->delete()
#7 E:\xamp\htdocs\wdpf55_codegitore\Car_Repair_Admin_template\system\CodeIgniter.php(942): App\Controllers\ServiceController->delete('9')
#8 E:\xamp\htdocs\wdpf55_codegitore\Car_Repair_Admin_template\system\CodeIgniter.php(502): CodeIgniter\CodeIgniter->runController(Object(App\Controllers\ServiceController))
#9 E:\xamp\htdocs\wdpf55_codegitore\Car_Repair_Admin_template\system\CodeIgniter.php(361): CodeIgniter\CodeIgniter->handleRequest(NULL, Object(Config\Cache), false)
#10 E:\xamp\htdocs\wdpf55_codegitore\Car_Repair_Admin_template\public\index.php(79): CodeIgniter\CodeIgniter->run()
#11 E:\xamp\htdocs\wdpf55_codegitore\Car_Repair_Admin_template\system\Commands\Server\rewrite.php(47): require_once('E:\\xamp\\htdocs\\...')
#12 {main}
CRITICAL - 2023-12-17 10:53:40 --> Unknown column 'service_id' in 'where clause'
in SYSTEMPATH\Database\BaseConnection.php on line 647.
 1 SYSTEMPATH\Database\BaseBuilder.php(2790): CodeIgniter\Database\BaseConnection->query('DELETE FROM `service_list`
WHERE `service_id` = :service_id:', [...], false)
 2 SYSTEMPATH\Model.php(445): CodeIgniter\Database\BaseBuilder->delete()
 3 SYSTEMPATH\BaseModel.php(1080): CodeIgniter\Model->doDelete(null, false)
 4 APPPATH\Controllers\ServiceController.php(72): CodeIgniter\BaseModel->delete()
 5 SYSTEMPATH\CodeIgniter.php(942): App\Controllers\ServiceController->delete('9')
 6 SYSTEMPATH\CodeIgniter.php(502): CodeIgniter\CodeIgniter->runController(Object(App\Controllers\ServiceController))
 7 SYSTEMPATH\CodeIgniter.php(361): CodeIgniter\CodeIgniter->handleRequest(null, Object(Config\Cache), false)
 8 FCPATH\index.php(79): CodeIgniter\CodeIgniter->run()
 9 SYSTEMPATH\Commands\Server\rewrite.php(47): require_once('E:\\xamp\\htdocs\\wdpf55_codegitore\\Car_Repair_Admin_template\\public\\index.php')
INFO - 2023-12-17 10:54:57 --> Session: Class initialized using 'CodeIgniter\Session\Handlers\FileHandler' driver.
INFO - 2023-12-17 10:54:59 --> Session: Class initialized using 'CodeIgniter\Session\Handlers\FileHandler' driver.
INFO - 2023-12-17 10:55:23 --> Session: Class initialized using 'CodeIgniter\Session\Handlers\FileHandler' driver.
INFO - 2023-12-17 10:55:24 --> Session: Class initialized using 'CodeIgniter\Session\Handlers\FileHandler' driver.
INFO - 2023-12-17 10:55:56 --> Session: Class initialized using 'CodeIgniter\Session\Handlers\FileHandler' driver.
INFO - 2023-12-17 10:55:58 --> Session: Class initialized using 'CodeIgniter\Session\Handlers\FileHandler' driver.
INFO - 2023-12-17 10:58:20 --> Session: Class initialized using 'CodeIgniter\Session\Handlers\FileHandler' driver.
INFO - 2023-12-17 10:58:21 --> Session: Class initialized using 'CodeIgniter\Session\Handlers\FileHandler' driver.
INFO - 2023-12-17 10:58:22 --> Session: Class initialized using 'CodeIgniter\Session\Handlers\FileHandler' driver.
INFO - 2023-12-17 10:58:25 --> Session: Class initialized using 'CodeIgniter\Session\Handlers\FileHandler' driver.
INFO - 2023-12-17 10:58:33 --> Session: Class initialized using 'CodeIgniter\Session\Handlers\FileHandler' driver.
INFO - 2023-12-17 10:58:42 --> Session: Class initialized using 'CodeIgniter\Session\Handlers\FileHandler' driver.
INFO - 2023-12-17 10:58:51 --> Session: Class initialized using 'CodeIgniter\Session\Handlers\FileHandler' driver.
INFO - 2023-12-17 11:00:15 --> Session: Class initialized using 'CodeIgniter\Session\Handlers\FileHandler' driver.
INFO - 2023-12-17 11:00:49 --> Session: Class initialized using 'CodeIgniter\Session\Handlers\FileHandler' driver.
INFO - 2023-12-17 11:01:03 --> Session: Class initialized using 'CodeIgniter\Session\Handlers\FileHandler' driver.
INFO - 2023-12-17 11:01:09 --> Session: Class initialized using 'CodeIgniter\Session\Handlers\FileHandler' driver.
INFO - 2023-12-17 11:01:41 --> Session: Class initialized using 'CodeIgniter\Session\Handlers\FileHandler' driver.
INFO - 2023-12-17 11:01:45 --> Session: Class initialized using 'CodeIgniter\Session\Handlers\FileHandler' driver.
INFO - 2023-12-17 11:03:14 --> Session: Class initialized using 'CodeIgniter\Session\Handlers\FileHandler' driver.
INFO - 2023-12-17 11:03:30 --> Session: Class initialized using 'CodeIgniter\Session\Handlers\FileHandler' driver.
INFO - 2023-12-17 11:03:31 --> Session: Class initialized using 'CodeIgniter\Session\Handlers\FileHandler' driver.
INFO - 2023-12-17 11:03:36 --> Session: Class initialized using 'CodeIgniter\Session\Handlers\FileHandler' driver.
INFO - 2023-12-17 11:03:43 --> Session: Class initialized using 'CodeIgniter\Session\Handlers\FileHandler' driver.
INFO - 2023-12-17 11:04:10 --> Session: Class initialized using 'CodeIgniter\Session\Handlers\FileHandler' driver.
INFO - 2023-12-17 11:04:10 --> Session: Class initialized using 'CodeIgniter\Session\Handlers\FileHandler' driver.
ERROR - 2023-12-17 11:04:25 --> mysqli_sql_exception: Unknown column 'Service_id' in 'where clause' in E:\xamp\htdocs\wdpf55_codegitore\Car_Repair_Admin_template\system\Database\MySQLi\Connection.php:306
Stack trace:
#0 E:\xamp\htdocs\wdpf55_codegitore\Car_Repair_Admin_template\system\Database\MySQLi\Connection.php(306): mysqli->query('DELETE FROM `se...', 0)
#1 E:\xamp\htdocs\wdpf55_codegitore\Car_Repair_Admin_template\system\Database\BaseConnection.php(693): CodeIgniter\Database\MySQLi\Connection->execute('DELETE FROM `se...')
#2 E:\xamp\htdocs\wdpf55_codegitore\Car_Repair_Admin_template\system\Database\BaseConnection.php(607): CodeIgniter\Database\BaseConnection->simpleQuery('DELETE FROM `se...')
#3 E:\xamp\htdocs\wdpf55_codegitore\Car_Repair_Admin_template\system\Database\BaseBuilder.php(2790): CodeIgniter\Database\BaseConnection->query('DELETE FROM `se...', Array, false)
#4 E:\xamp\htdocs\wdpf55_codegitore\Car_Repair_Admin_template\system\Model.php(445): CodeIgniter\Database\BaseBuilder->delete()
#5 E:\xamp\htdocs\wdpf55_codegitore\Car_Repair_Admin_template\system\BaseModel.php(1080): CodeIgniter\Model->doDelete(NULL, false)
#6 E:\xamp\htdocs\wdpf55_codegitore\Car_Repair_Admin_template\app\Controllers\ServiceController.php(72): CodeIgniter\BaseModel->delete()
#7 E:\xamp\htdocs\wdpf55_codegitore\Car_Repair_Admin_template\system\CodeIgniter.php(942): App\Controllers\ServiceController->delete('11')
#8 E:\xamp\htdocs\wdpf55_codegitore\Car_Repair_Admin_template\system\CodeIgniter.php(502): CodeIgniter\CodeIgniter->runController(Object(App\Controllers\ServiceController))
#9 E:\xamp\htdocs\wdpf55_codegitore\Car_Repair_Admin_template\system\CodeIgniter.php(361): CodeIgniter\CodeIgniter->handleRequest(NULL, Object(Config\Cache), false)
#10 E:\xamp\htdocs\wdpf55_codegitore\Car_Repair_Admin_template\public\index.php(79): CodeIgniter\CodeIgniter->run()
#11 E:\xamp\htdocs\wdpf55_codegitore\Car_Repair_Admin_template\system\Commands\Server\rewrite.php(47): require_once('E:\\xamp\\htdocs\\...')
#12 {main}
CRITICAL - 2023-12-17 11:04:25 --> Unknown column 'Service_id' in 'where clause'
in SYSTEMPATH\Database\BaseConnection.php on line 647.
 1 SYSTEMPATH\Database\BaseBuilder.php(2790): CodeIgniter\Database\BaseConnection->query('DELETE FROM `service_list`
WHERE `Service_id` = :Service_id:', [...], false)
 2 SYSTEMPATH\Model.php(445): CodeIgniter\Database\BaseBuilder->delete()
 3 SYSTEMPATH\BaseModel.php(1080): CodeIgniter\Model->doDelete(null, false)
 4 APPPATH\Controllers\ServiceController.php(72): CodeIgniter\BaseModel->delete()
 5 SYSTEMPATH\CodeIgniter.php(942): App\Controllers\ServiceController->delete('11')
 6 SYSTEMPATH\CodeIgniter.php(502): CodeIgniter\CodeIgniter->runController(Object(App\Controllers\ServiceController))
 7 SYSTEMPATH\CodeIgniter.php(361): CodeIgniter\CodeIgniter->handleRequest(null, Object(Config\Cache), false)
 8 FCPATH\index.php(79): CodeIgniter\CodeIgniter->run()
 9 SYSTEMPATH\Commands\Server\rewrite.php(47): require_once('E:\\xamp\\htdocs\\wdpf55_codegitore\\Car_Repair_Admin_template\\public\\index.php')
ERROR - 2023-12-17 11:06:14 --> mysqli_sql_exception: Unknown column 'Service_id' in 'where clause' in E:\xamp\htdocs\wdpf55_codegitore\Car_Repair_Admin_template\system\Database\MySQLi\Connection.php:306
Stack trace:
#0 E:\xamp\htdocs\wdpf55_codegitore\Car_Repair_Admin_template\system\Database\MySQLi\Connection.php(306): mysqli->query('DELETE FROM `se...', 0)
#1 E:\xamp\htdocs\wdpf55_codegitore\Car_Repair_Admin_template\system\Database\BaseConnection.php(693): CodeIgniter\Database\MySQLi\Connection->execute('DELETE FROM `se...')
#2 E:\xamp\htdocs\wdpf55_codegitore\Car_Repair_Admin_template\system\Database\BaseConnection.php(607): CodeIgniter\Database\BaseConnection->simpleQuery('DELETE FROM `se...')
#3 E:\xamp\htdocs\wdpf55_codegitore\Car_Repair_Admin_template\system\Database\BaseBuilder.php(2790): CodeIgniter\Database\BaseConnection->query('DELETE FROM `se...', Array, false)
#4 E:\xamp\htdocs\wdpf55_codegitore\Car_Repair_Admin_template\system\Model.php(445): CodeIgniter\Database\BaseBuilder->delete()
#5 E:\xamp\htdocs\wdpf55_codegitore\Car_Repair_Admin_template\system\BaseModel.php(1080): CodeIgniter\Model->doDelete(NULL, false)
#6 E:\xamp\htdocs\wdpf55_codegitore\Car_Repair_Admin_template\app\Controllers\ServiceController.php(72): CodeIgniter\BaseModel->delete()
#7 E:\xamp\htdocs\wdpf55_codegitore\Car_Repair_Admin_template\system\CodeIgniter.php(942): App\Controllers\ServiceController->delete('11')
#8 E:\xamp\htdocs\wdpf55_codegitore\Car_Repair_Admin_template\system\CodeIgniter.php(502): CodeIgniter\CodeIgniter->runController(Object(App\Controllers\ServiceController))
#9 E:\xamp\htdocs\wdpf55_codegitore\Car_Repair_Admin_template\system\CodeIgniter.php(361): CodeIgniter\CodeIgniter->handleRequest(NULL, Object(Config\Cache), false)
#10 E:\xamp\htdocs\wdpf55_codegitore\Car_Repair_Admin_template\public\index.php(79): CodeIgniter\CodeIgniter->run()
#11 E:\xamp\htdocs\wdpf55_codegitore\Car_Repair_Admin_template\system\Commands\Server\rewrite.php(47): require_once('E:\\xamp\\htdocs\\...')
#12 {main}
CRITICAL - 2023-12-17 11:06:14 --> Unknown column 'Service_id' in 'where clause'
in SYSTEMPATH\Database\BaseConnection.php on line 647.
 1 SYSTEMPATH\Database\BaseBuilder.php(2790): CodeIgniter\Database\BaseConnection->query('DELETE FROM `service_list`
WHERE `Service_id` = :Service_id:', [...], false)
 2 SYSTEMPATH\Model.php(445): CodeIgniter\Database\BaseBuilder->delete()
 3 SYSTEMPATH\BaseModel.php(1080): CodeIgniter\Model->doDelete(null, false)
 4 APPPATH\Controllers\ServiceController.php(72): CodeIgniter\BaseModel->delete()
 5 SYSTEMPATH\CodeIgniter.php(942): App\Controllers\ServiceController->delete('11')
 6 SYSTEMPATH\CodeIgniter.php(502): CodeIgniter\CodeIgniter->runController(Object(App\Controllers\ServiceController))
 7 SYSTEMPATH\CodeIgniter.php(361): CodeIgniter\CodeIgniter->handleRequest(null, Object(Config\Cache), false)
 8 FCPATH\index.php(79): CodeIgniter\CodeIgniter->run()
 9 SYSTEMPATH\Commands\Server\rewrite.php(47): require_once('E:\\xamp\\htdocs\\wdpf55_codegitore\\Car_Repair_Admin_template\\public\\index.php')
ERROR - 2023-12-17 11:06:16 --> mysqli_sql_exception: Unknown column 'Service_id' in 'where clause' in E:\xamp\htdocs\wdpf55_codegitore\Car_Repair_Admin_template\system\Database\MySQLi\Connection.php:306
Stack trace:
#0 E:\xamp\htdocs\wdpf55_codegitore\Car_Repair_Admin_template\system\Database\MySQLi\Connection.php(306): mysqli->query('DELETE FROM `se...', 0)
#1 E:\xamp\htdocs\wdpf55_codegitore\Car_Repair_Admin_template\system\Database\BaseConnection.php(693): CodeIgniter\Database\MySQLi\Connection->execute('DELETE FROM `se...')
#2 E:\xamp\htdocs\wdpf55_codegitore\Car_Repair_Admin_template\system\Database\BaseConnection.php(607): CodeIgniter\Database\BaseConnection->simpleQuery('DELETE FROM `se...')
#3 E:\xamp\htdocs\wdpf55_codegitore\Car_Repair_Admin_template\system\Database\BaseBuilder.php(2790): CodeIgniter\Database\BaseConnection->query('DELETE FROM `se...', Array, false)
#4 E:\xamp\htdocs\wdpf55_codegitore\Car_Repair_Admin_template\system\Model.php(445): CodeIgniter\Database\BaseBuilder->delete()
#5 E:\xamp\htdocs\wdpf55_codegitore\Car_Repair_Admin_template\system\BaseModel.php(1080): CodeIgniter\Model->doDelete(NULL, false)
#6 E:\xamp\htdocs\wdpf55_codegitore\Car_Repair_Admin_template\app\Controllers\ServiceController.php(72): CodeIgniter\BaseModel->delete()
#7 E:\xamp\htdocs\wdpf55_codegitore\Car_Repair_Admin_template\system\CodeIgniter.php(942): App\Controllers\ServiceController->delete('11')
#8 E:\xamp\htdocs\wdpf55_codegitore\Car_Repair_Admin_template\system\CodeIgniter.php(502): CodeIgniter\CodeIgniter->runController(Object(App\Controllers\ServiceController))
#9 E:\xamp\htdocs\wdpf55_codegitore\Car_Repair_Admin_template\system\CodeIgniter.php(361): CodeIgniter\CodeIgniter->handleRequest(NULL, Object(Config\Cache), false)
#10 E:\xamp\htdocs\wdpf55_codegitore\Car_Repair_Admin_template\public\index.php(79): CodeIgniter\CodeIgniter->run()
#11 E:\xamp\htdocs\wdpf55_codegitore\Car_Repair_Admin_template\system\Commands\Server\rewrite.php(47): require_once('E:\\xamp\\htdocs\\...')
#12 {main}
CRITICAL - 2023-12-17 11:06:16 --> Unknown column 'Service_id' in 'where clause'
in SYSTEMPATH\Database\BaseConnection.php on line 647.
 1 SYSTEMPATH\Database\BaseBuilder.php(2790): CodeIgniter\Database\BaseConnection->query('DELETE FROM `service_list`
WHERE `Service_id` = :Service_id:', [...], false)
 2 SYSTEMPATH\Model.php(445): CodeIgniter\Database\BaseBuilder->delete()
 3 SYSTEMPATH\BaseModel.php(1080): CodeIgniter\Model->doDelete(null, false)
 4 APPPATH\Controllers\ServiceController.php(72): CodeIgniter\BaseModel->delete()
 5 SYSTEMPATH\CodeIgniter.php(942): App\Controllers\ServiceController->delete('11')
 6 SYSTEMPATH\CodeIgniter.php(502): CodeIgniter\CodeIgniter->runController(Object(App\Controllers\ServiceController))
 7 SYSTEMPATH\CodeIgniter.php(361): CodeIgniter\CodeIgniter->handleRequest(null, Object(Config\Cache), false)
 8 FCPATH\index.php(79): CodeIgniter\CodeIgniter->run()
 9 SYSTEMPATH\Commands\Server\rewrite.php(47): require_once('E:\\xamp\\htdocs\\wdpf55_codegitore\\Car_Repair_Admin_template\\public\\index.php')
INFO - 2023-12-17 11:06:18 --> Session: Class initialized using 'CodeIgniter\Session\Handlers\FileHandler' driver.
CRITICAL - 2023-12-17 11:06:18 --> Undefined index: service_id
in APPPATH\Views\service\index.php on line 192.
 1 APPPATH\Views\service\index.php(192): CodeIgniter\Debug\Exceptions->errorHandler(8, 'Undefined index: service_id', 'E:\\xamp\\htdocs\\wdpf55_codegitore\\Car_Repair_Admin_template\\app\\Views\\service\\index.php', 192, [...])
 2 SYSTEMPATH\View\View.php(228): include('E:\\xamp\\htdocs\\wdpf55_codegitore\\Car_Repair_Admin_template\\app\\Views\\service\\index.php')
 3 SYSTEMPATH\View\View.php(231): CodeIgniter\View\View->CodeIgniter\View\{closure}()
 4 SYSTEMPATH\Common.php(1190): CodeIgniter\View\View->render('service/index', [], true)
 5 APPPATH\Controllers\ServiceController.php(20): view('service/index', [...])
 6 SYSTEMPATH\CodeIgniter.php(942): App\Controllers\ServiceController->index()
 7 SYSTEMPATH\CodeIgniter.php(502): CodeIgniter\CodeIgniter->runController(Object(App\Controllers\ServiceController))
 8 SYSTEMPATH\CodeIgniter.php(361): CodeIgniter\CodeIgniter->handleRequest(null, Object(Config\Cache), false)
 9 FCPATH\index.php(79): CodeIgniter\CodeIgniter->run()
10 SYSTEMPATH\Commands\Server\rewrite.php(47): require_once('E:\\xamp\\htdocs\\wdpf55_codegitore\\Car_Repair_Admin_template\\public\\index.php')
INFO - 2023-12-17 11:06:20 --> Session: Class initialized using 'CodeIgniter\Session\Handlers\FileHandler' driver.
CRITICAL - 2023-12-17 11:06:20 --> Undefined index: service_id
in APPPATH\Views\service\index.php on line 192.
 1 APPPATH\Views\service\index.php(192): CodeIgniter\Debug\Exceptions->errorHandler(8, 'Undefined index: service_id', 'E:\\xamp\\htdocs\\wdpf55_codegitore\\Car_Repair_Admin_template\\app\\Views\\service\\index.php', 192, [...])
 2 SYSTEMPATH\View\View.php(228): include('E:\\xamp\\htdocs\\wdpf55_codegitore\\Car_Repair_Admin_template\\app\\Views\\service\\index.php')
 3 SYSTEMPATH\View\View.php(231): CodeIgniter\View\View->CodeIgniter\View\{closure}()
 4 SYSTEMPATH\Common.php(1190): CodeIgniter\View\View->render('service/index', [], true)
 5 APPPATH\Controllers\ServiceController.php(20): view('service/index', [...])
 6 SYSTEMPATH\CodeIgniter.php(942): App\Controllers\ServiceController->index()
 7 SYSTEMPATH\CodeIgniter.php(502): CodeIgniter\CodeIgniter->runController(Object(App\Controllers\ServiceController))
 8 SYSTEMPATH\CodeIgniter.php(361): CodeIgniter\CodeIgniter->handleRequest(null, Object(Config\Cache), false)
 9 FCPATH\index.php(79): CodeIgniter\CodeIgniter->run()
10 SYSTEMPATH\Commands\Server\rewrite.php(47): require_once('E:\\xamp\\htdocs\\wdpf55_codegitore\\Car_Repair_Admin_template\\public\\index.php')
INFO - 2023-12-17 11:06:23 --> Session: Class initialized using 'CodeIgniter\Session\Handlers\FileHandler' driver.
CRITICAL - 2023-12-17 11:06:23 --> Undefined index: service_id
in APPPATH\Views\service\index.php on line 192.
 1 APPPATH\Views\service\index.php(192): CodeIgniter\Debug\Exceptions->errorHandler(8, 'Undefined index: service_id', 'E:\\xamp\\htdocs\\wdpf55_codegitore\\Car_Repair_Admin_template\\app\\Views\\service\\index.php', 192, [...])
 2 SYSTEMPATH\View\View.php(228): include('E:\\xamp\\htdocs\\wdpf55_codegitore\\Car_Repair_Admin_template\\app\\Views\\service\\index.php')
 3 SYSTEMPATH\View\View.php(231): CodeIgniter\View\View->CodeIgniter\View\{closure}()
 4 SYSTEMPATH\Common.php(1190): CodeIgniter\View\View->render('service/index', [], true)
 5 APPPATH\Controllers\ServiceController.php(20): view('service/index', [...])
 6 SYSTEMPATH\CodeIgniter.php(942): App\Controllers\ServiceController->index()
 7 SYSTEMPATH\CodeIgniter.php(502): CodeIgniter\CodeIgniter->runController(Object(App\Controllers\ServiceController))
 8 SYSTEMPATH\CodeIgniter.php(361): CodeIgniter\CodeIgniter->handleRequest(null, Object(Config\Cache), false)
 9 FCPATH\index.php(79): CodeIgniter\CodeIgniter->run()
10 SYSTEMPATH\Commands\Server\rewrite.php(47): require_once('E:\\xamp\\htdocs\\wdpf55_codegitore\\Car_Repair_Admin_template\\public\\index.php')
INFO - 2023-12-17 11:06:24 --> Session: Class initialized using 'CodeIgniter\Session\Handlers\FileHandler' driver.
INFO - 2023-12-17 11:06:26 --> Session: Class initialized using 'CodeIgniter\Session\Handlers\FileHandler' driver.
INFO - 2023-12-17 11:06:32 --> Session: Class initialized using 'CodeIgniter\Session\Handlers\FileHandler' driver.
CRITICAL - 2023-12-17 11:06:32 --> Undefined index: service_id
in APPPATH\Views\service\index.php on line 192.
 1 APPPATH\Views\service\index.php(192): CodeIgniter\Debug\Exceptions->errorHandler(8, 'Undefined index: service_id', 'E:\\xamp\\htdocs\\wdpf55_codegitore\\Car_Repair_Admin_template\\app\\Views\\service\\index.php', 192, [...])
 2 SYSTEMPATH\View\View.php(228): include('E:\\xamp\\htdocs\\wdpf55_codegitore\\Car_Repair_Admin_template\\app\\Views\\service\\index.php')
 3 SYSTEMPATH\View\View.php(231): CodeIgniter\View\View->CodeIgniter\View\{closure}()
 4 SYSTEMPATH\Common.php(1190): CodeIgniter\View\View->render('service/index', [], true)
 5 APPPATH\Controllers\ServiceController.php(20): view('service/index', [...])
 6 SYSTEMPATH\CodeIgniter.php(942): App\Controllers\ServiceController->index()
 7 SYSTEMPATH\CodeIgniter.php(502): CodeIgniter\CodeIgniter->runController(Object(App\Controllers\ServiceController))
 8 SYSTEMPATH\CodeIgniter.php(361): CodeIgniter\CodeIgniter->handleRequest(null, Object(Config\Cache), false)
 9 FCPATH\index.php(79): CodeIgniter\CodeIgniter->run()
10 SYSTEMPATH\Commands\Server\rewrite.php(47): require_once('E:\\xamp\\htdocs\\wdpf55_codegitore\\Car_Repair_Admin_template\\public\\index.php')
INFO - 2023-12-17 11:06:57 --> Session: Class initialized using 'CodeIgniter\Session\Handlers\FileHandler' driver.
INFO - 2023-12-17 11:07:10 --> Session: Class initialized using 'CodeIgniter\Session\Handlers\FileHandler' driver.
INFO - 2023-12-17 11:07:31 --> Session: Class initialized using 'CodeIgniter\Session\Handlers\FileHandler' driver.
INFO - 2023-12-17 11:07:36 --> Session: Class initialized using 'CodeIgniter\Session\Handlers\FileHandler' driver.
INFO - 2023-12-17 11:07:53 --> Session: Class initialized using 'CodeIgniter\Session\Handlers\FileHandler' driver.
INFO - 2023-12-17 11:07:53 --> Session: Class initialized using 'CodeIgniter\Session\Handlers\FileHandler' driver.
INFO - 2023-12-17 11:08:04 --> Session: Class initialized using 'CodeIgniter\Session\Handlers\FileHandler' driver.
INFO - 2023-12-17 11:10:06 --> Session: Class initialized using 'CodeIgniter\Session\Handlers\FileHandler' driver.
INFO - 2023-12-17 11:10:12 --> Session: Class initialized using 'CodeIgniter\Session\Handlers\FileHandler' driver.
INFO - 2023-12-17 11:15:29 --> Session: Class initialized using 'CodeIgniter\Session\Handlers\FileHandler' driver.
INFO - 2023-12-17 11:16:18 --> Session: Class initialized using 'CodeIgniter\Session\Handlers\FileHandler' driver.
INFO - 2023-12-17 11:16:31 --> Session: Class initialized using 'CodeIgniter\Session\Handlers\FileHandler' driver.
INFO - 2023-12-17 11:17:46 --> Session: Class initialized using 'CodeIgniter\Session\Handlers\FileHandler' driver.
INFO - 2023-12-17 11:18:08 --> Session: Class initialized using 'CodeIgniter\Session\Handlers\FileHandler' driver.
INFO - 2023-12-17 11:39:13 --> Session: Class initialized using 'CodeIgniter\Session\Handlers\FileHandler' driver.
INFO - 2023-12-17 11:39:21 --> Session: Class initialized using 'CodeIgniter\Session\Handlers\FileHandler' driver.
ERROR - 2023-12-17 11:39:25 --> mysqli_sql_exception: Unknown column 'service_id' in 'where clause' in E:\xamp\htdocs\wdpf55_codegitore\Car_Repair_Admin_template\system\Database\MySQLi\Connection.php:306
Stack trace:
#0 E:\xamp\htdocs\wdpf55_codegitore\Car_Repair_Admin_template\system\Database\MySQLi\Connection.php(306): mysqli->query('DELETE FROM `se...', 0)
#1 E:\xamp\htdocs\wdpf55_codegitore\Car_Repair_Admin_template\system\Database\BaseConnection.php(693): CodeIgniter\Database\MySQLi\Connection->execute('DELETE FROM `se...')
#2 E:\xamp\htdocs\wdpf55_codegitore\Car_Repair_Admin_template\system\Database\BaseConnection.php(607): CodeIgniter\Database\BaseConnection->simpleQuery('DELETE FROM `se...')
#3 E:\xamp\htdocs\wdpf55_codegitore\Car_Repair_Admin_template\system\Database\BaseBuilder.php(2790): CodeIgniter\Database\BaseConnection->query('DELETE FROM `se...', Array, false)
#4 E:\xamp\htdocs\wdpf55_codegitore\Car_Repair_Admin_template\system\Model.php(445): CodeIgniter\Database\BaseBuilder->delete()
#5 E:\xamp\htdocs\wdpf55_codegitore\Car_Repair_Admin_template\system\BaseModel.php(1080): CodeIgniter\Model->doDelete(NULL, false)
#6 E:\xamp\htdocs\wdpf55_codegitore\Car_Repair_Admin_template\app\Controllers\ServiceController.php(72): CodeIgniter\BaseModel->delete()
#7 E:\xamp\htdocs\wdpf55_codegitore\Car_Repair_Admin_template\system\CodeIgniter.php(942): App\Controllers\ServiceController->delete('4')
#8 E:\xamp\htdocs\wdpf55_codegitore\Car_Repair_Admin_template\system\CodeIgniter.php(502): CodeIgniter\CodeIgniter->runController(Object(App\Controllers\ServiceController))
#9 E:\xamp\htdocs\wdpf55_codegitore\Car_Repair_Admin_template\system\CodeIgniter.php(361): CodeIgniter\CodeIgniter->handleRequest(NULL, Object(Config\Cache), false)
#10 E:\xamp\htdocs\wdpf55_codegitore\Car_Repair_Admin_template\public\index.php(79): CodeIgniter\CodeIgniter->run()
#11 E:\xamp\htdocs\wdpf55_codegitore\Car_Repair_Admin_template\system\Commands\Server\rewrite.php(47): require_once('E:\\xamp\\htdocs\\...')
#12 {main}
CRITICAL - 2023-12-17 11:39:25 --> Unknown column 'service_id' in 'where clause'
in SYSTEMPATH\Database\BaseConnection.php on line 647.
 1 SYSTEMPATH\Database\BaseBuilder.php(2790): CodeIgniter\Database\BaseConnection->query('DELETE FROM `service_list`
WHERE `service_id` = :service_id:', [...], false)
 2 SYSTEMPATH\Model.php(445): CodeIgniter\Database\BaseBuilder->delete()
 3 SYSTEMPATH\BaseModel.php(1080): CodeIgniter\Model->doDelete(null, false)
 4 APPPATH\Controllers\ServiceController.php(72): CodeIgniter\BaseModel->delete()
 5 SYSTEMPATH\CodeIgniter.php(942): App\Controllers\ServiceController->delete('4')
 6 SYSTEMPATH\CodeIgniter.php(502): CodeIgniter\CodeIgniter->runController(Object(App\Controllers\ServiceController))
 7 SYSTEMPATH\CodeIgniter.php(361): CodeIgniter\CodeIgniter->handleRequest(null, Object(Config\Cache), false)
 8 FCPATH\index.php(79): CodeIgniter\CodeIgniter->run()
 9 SYSTEMPATH\Commands\Server\rewrite.php(47): require_once('E:\\xamp\\htdocs\\wdpf55_codegitore\\Car_Repair_Admin_template\\public\\index.php')
INFO - 2023-12-17 11:41:03 --> Session: Class initialized using 'CodeIgniter\Session\Handlers\FileHandler' driver.
INFO - 2023-12-17 11:41:08 --> Session: Class initialized using 'CodeIgniter\Session\Handlers\FileHandler' driver.
INFO - 2023-12-17 11:41:16 --> Session: Class initialized using 'CodeIgniter\Session\Handlers\FileHandler' driver.
INFO - 2023-12-17 11:41:32 --> Session: Class initialized using 'CodeIgniter\Session\Handlers\FileHandler' driver.
INFO - 2023-12-17 11:41:33 --> Session: Class initialized using 'CodeIgniter\Session\Handlers\FileHandler' driver.
INFO - 2023-12-17 11:41:37 --> Session: Class initialized using 'CodeIgniter\Session\Handlers\FileHandler' driver.
INFO - 2023-12-17 11:41:42 --> Session: Class initialized using 'CodeIgniter\Session\Handlers\FileHandler' driver.
