INFO - 2023-12-21 03:59:15 --> Session: Class initialized using 'CodeIgniter\Session\Handlers\FileHandler' driver.
INFO - 2023-12-21 03:59:15 --> Session: Class initialized using 'CodeIgniter\Session\Handlers\FileHandler' driver.
INFO - 2023-12-21 04:35:19 --> Session: Class initialized using 'CodeIgniter\Session\Handlers\FileHandler' driver.
INFO - 2023-12-21 04:41:12 --> Session: Class initialized using 'CodeIgniter\Session\Handlers\FileHandler' driver.
INFO - 2023-12-21 04:41:43 --> Session: Class initialized using 'CodeIgniter\Session\Handlers\FileHandler' driver.
INFO - 2023-12-21 04:41:46 --> Session: Class initialized using 'CodeIgniter\Session\Handlers\FileHandler' driver.
INFO - 2023-12-21 04:41:58 --> Session: Class initialized using 'CodeIgniter\Session\Handlers\FileHandler' driver.
INFO - 2023-12-21 04:42:15 --> Session: Class initialized using 'CodeIgniter\Session\Handlers\FileHandler' driver.
INFO - 2023-12-21 04:42:40 --> Session: Class initialized using 'CodeIgniter\Session\Handlers\FileHandler' driver.
INFO - 2023-12-21 04:43:23 --> Session: Class initialized using 'CodeIgniter\Session\Handlers\FileHandler' driver.
INFO - 2023-12-21 04:43:56 --> Session: Class initialized using 'CodeIgniter\Session\Handlers\FileHandler' driver.
INFO - 2023-12-21 04:44:36 --> Session: Class initialized using 'CodeIgniter\Session\Handlers\FileHandler' driver.
INFO - 2023-12-21 04:45:38 --> Session: Class initialized using 'CodeIgniter\Session\Handlers\FileHandler' driver.
INFO - 2023-12-21 04:47:03 --> Session: Class initialized using 'CodeIgniter\Session\Handlers\FileHandler' driver.
INFO - 2023-12-21 05:16:40 --> Session: Class initialized using 'CodeIgniter\Session\Handlers\FileHandler' driver.
INFO - 2023-12-21 05:17:31 --> Session: Class initialized using 'CodeIgniter\Session\Handlers\FileHandler' driver.
INFO - 2023-12-21 05:59:19 --> Session: Class initialized using 'CodeIgniter\Session\Handlers\FileHandler' driver.
INFO - 2023-12-21 05:59:23 --> Session: Class initialized using 'CodeIgniter\Session\Handlers\FileHandler' driver.
INFO - 2023-12-21 05:59:34 --> Session: Class initialized using 'CodeIgniter\Session\Handlers\FileHandler' driver.
INFO - 2023-12-21 05:59:47 --> Session: Class initialized using 'CodeIgniter\Session\Handlers\FileHandler' driver.
INFO - 2023-12-21 06:00:45 --> Session: Class initialized using 'CodeIgniter\Session\Handlers\FileHandler' driver.
INFO - 2023-12-21 06:01:08 --> Session: Class initialized using 'CodeIgniter\Session\Handlers\FileHandler' driver.
INFO - 2023-12-21 06:01:08 --> Session: Class initialized using 'CodeIgniter\Session\Handlers\FileHandler' driver.
INFO - 2023-12-21 08:47:55 --> Session: Class initialized using 'CodeIgniter\Session\Handlers\FileHandler' driver.
INFO - 2023-12-21 08:48:21 --> Session: Class initialized using 'CodeIgniter\Session\Handlers\FileHandler' driver.
INFO - 2023-12-21 08:48:22 --> Session: Class initialized using 'CodeIgniter\Session\Handlers\FileHandler' driver.
CRITICAL - 2023-12-21 09:08:52 --> syntax error, unexpected end of file
in APPPATH\Config\Routes.php on line 41.
 1 SYSTEMPATH\CodeIgniter.php(810): CodeIgniter\Router\RouteCollection->loadRoutes()
 2 SYSTEMPATH\CodeIgniter.php(450): CodeIgniter\CodeIgniter->tryToRouteIt(null)
 3 SYSTEMPATH\CodeIgniter.php(361): CodeIgniter\CodeIgniter->handleRequest(null, Object(Config\Cache), false)
 4 FCPATH\index.php(79): CodeIgniter\CodeIgniter->run()
 5 SYSTEMPATH\Commands\Server\rewrite.php(47): require_once('E:\\xamp\\htdocs\\wdpf55_codegitore\\Car_Repair_Admin_template\\public\\index.php')
CRITICAL - 2023-12-21 09:09:30 --> syntax error, unexpected end of file
in APPPATH\Config\Routes.php on line 41.
 1 SYSTEMPATH\CodeIgniter.php(810): CodeIgniter\Router\RouteCollection->loadRoutes()
 2 SYSTEMPATH\CodeIgniter.php(450): CodeIgniter\CodeIgniter->tryToRouteIt(null)
 3 SYSTEMPATH\CodeIgniter.php(361): CodeIgniter\CodeIgniter->handleRequest(null, Object(Config\Cache), false)
 4 FCPATH\index.php(79): CodeIgniter\CodeIgniter->run()
 5 SYSTEMPATH\Commands\Server\rewrite.php(47): require_once('E:\\xamp\\htdocs\\wdpf55_codegitore\\Car_Repair_Admin_template\\public\\index.php')
CRITICAL - 2023-12-21 09:10:05 --> syntax error, unexpected end of file
in APPPATH\Config\Routes.php on line 41.
 1 SYSTEMPATH\CodeIgniter.php(810): CodeIgniter\Router\RouteCollection->loadRoutes()
 2 SYSTEMPATH\CodeIgniter.php(450): CodeIgniter\CodeIgniter->tryToRouteIt(null)
 3 SYSTEMPATH\CodeIgniter.php(361): CodeIgniter\CodeIgniter->handleRequest(null, Object(Config\Cache), false)
 4 FCPATH\index.php(79): CodeIgniter\CodeIgniter->run()
 5 SYSTEMPATH\Commands\Server\rewrite.php(47): require_once('E:\\xamp\\htdocs\\wdpf55_codegitore\\Car_Repair_Admin_template\\public\\index.php')
CRITICAL - 2023-12-21 09:10:06 --> syntax error, unexpected end of file
in APPPATH\Config\Routes.php on line 41.
 1 SYSTEMPATH\CodeIgniter.php(810): CodeIgniter\Router\RouteCollection->loadRoutes()
 2 SYSTEMPATH\CodeIgniter.php(450): CodeIgniter\CodeIgniter->tryToRouteIt(null)
 3 SYSTEMPATH\CodeIgniter.php(361): CodeIgniter\CodeIgniter->handleRequest(null, Object(Config\Cache), false)
 4 FCPATH\index.php(79): CodeIgniter\CodeIgniter->run()
 5 SYSTEMPATH\Commands\Server\rewrite.php(47): require_once('E:\\xamp\\htdocs\\wdpf55_codegitore\\Car_Repair_Admin_template\\public\\index.php')
CRITICAL - 2023-12-21 09:10:11 --> syntax error, unexpected end of file
in APPPATH\Config\Routes.php on line 41.
 1 SYSTEMPATH\CodeIgniter.php(810): CodeIgniter\Router\RouteCollection->loadRoutes()
 2 SYSTEMPATH\CodeIgniter.php(450): CodeIgniter\CodeIgniter->tryToRouteIt(null)
 3 SYSTEMPATH\CodeIgniter.php(361): CodeIgniter\CodeIgniter->handleRequest(null, Object(Config\Cache), false)
 4 FCPATH\index.php(79): CodeIgniter\CodeIgniter->run()
 5 SYSTEMPATH\Commands\Server\rewrite.php(47): require_once('E:\\xamp\\htdocs\\wdpf55_codegitore\\Car_Repair_Admin_template\\public\\index.php')
CRITICAL - 2023-12-21 09:10:14 --> syntax error, unexpected end of file
in APPPATH\Config\Routes.php on line 41.
 1 SYSTEMPATH\CodeIgniter.php(810): CodeIgniter\Router\RouteCollection->loadRoutes()
 2 SYSTEMPATH\CodeIgniter.php(450): CodeIgniter\CodeIgniter->tryToRouteIt(null)
 3 SYSTEMPATH\CodeIgniter.php(361): CodeIgniter\CodeIgniter->handleRequest(null, Object(Config\Cache), false)
 4 FCPATH\index.php(79): CodeIgniter\CodeIgniter->run()
 5 SYSTEMPATH\Commands\Server\rewrite.php(47): require_once('E:\\xamp\\htdocs\\wdpf55_codegitore\\Car_Repair_Admin_template\\public\\index.php')
CRITICAL - 2023-12-21 09:10:16 --> syntax error, unexpected end of file
in APPPATH\Config\Routes.php on line 41.
 1 SYSTEMPATH\CodeIgniter.php(810): CodeIgniter\Router\RouteCollection->loadRoutes()
 2 SYSTEMPATH\CodeIgniter.php(450): CodeIgniter\CodeIgniter->tryToRouteIt(null)
 3 SYSTEMPATH\CodeIgniter.php(361): CodeIgniter\CodeIgniter->handleRequest(null, Object(Config\Cache), false)
 4 FCPATH\index.php(79): CodeIgniter\CodeIgniter->run()
 5 SYSTEMPATH\Commands\Server\rewrite.php(47): require_once('E:\\xamp\\htdocs\\wdpf55_codegitore\\Car_Repair_Admin_template\\public\\index.php')
CRITICAL - 2023-12-21 09:10:16 --> syntax error, unexpected end of file
in APPPATH\Config\Routes.php on line 41.
 1 SYSTEMPATH\CodeIgniter.php(810): CodeIgniter\Router\RouteCollection->loadRoutes()
 2 SYSTEMPATH\CodeIgniter.php(450): CodeIgniter\CodeIgniter->tryToRouteIt(null)
 3 SYSTEMPATH\CodeIgniter.php(361): CodeIgniter\CodeIgniter->handleRequest(null, Object(Config\Cache), false)
 4 FCPATH\index.php(79): CodeIgniter\CodeIgniter->run()
 5 SYSTEMPATH\Commands\Server\rewrite.php(47): require_once('E:\\xamp\\htdocs\\wdpf55_codegitore\\Car_Repair_Admin_template\\public\\index.php')
CRITICAL - 2023-12-21 09:10:36 --> syntax error, unexpected end of file
in APPPATH\Config\Routes.php on line 41.
 1 SYSTEMPATH\CodeIgniter.php(810): CodeIgniter\Router\RouteCollection->loadRoutes()
 2 SYSTEMPATH\CodeIgniter.php(450): CodeIgniter\CodeIgniter->tryToRouteIt(null)
 3 SYSTEMPATH\CodeIgniter.php(361): CodeIgniter\CodeIgniter->handleRequest(null, Object(Config\Cache), false)
 4 FCPATH\index.php(79): CodeIgniter\CodeIgniter->run()
 5 SYSTEMPATH\Commands\Server\rewrite.php(47): require_once('E:\\xamp\\htdocs\\wdpf55_codegitore\\Car_Repair_Admin_template\\public\\index.php')
CRITICAL - 2023-12-21 09:10:38 --> syntax error, unexpected end of file
in APPPATH\Config\Routes.php on line 41.
 1 SYSTEMPATH\CodeIgniter.php(810): CodeIgniter\Router\RouteCollection->loadRoutes()
 2 SYSTEMPATH\CodeIgniter.php(450): CodeIgniter\CodeIgniter->tryToRouteIt(null)
 3 SYSTEMPATH\CodeIgniter.php(361): CodeIgniter\CodeIgniter->handleRequest(null, Object(Config\Cache), false)
 4 FCPATH\index.php(79): CodeIgniter\CodeIgniter->run()
 5 SYSTEMPATH\Commands\Server\rewrite.php(47): require_once('E:\\xamp\\htdocs\\wdpf55_codegitore\\Car_Repair_Admin_template\\public\\index.php')
CRITICAL - 2023-12-21 09:11:50 --> syntax error, unexpected end of file
in APPPATH\Config\Routes.php on line 41.
 1 SYSTEMPATH\CodeIgniter.php(810): CodeIgniter\Router\RouteCollection->loadRoutes()
 2 SYSTEMPATH\CodeIgniter.php(450): CodeIgniter\CodeIgniter->tryToRouteIt(null)
 3 SYSTEMPATH\CodeIgniter.php(361): CodeIgniter\CodeIgniter->handleRequest(null, Object(Config\Cache), false)
 4 FCPATH\index.php(79): CodeIgniter\CodeIgniter->run()
 5 SYSTEMPATH\Commands\Server\rewrite.php(47): require_once('E:\\xamp\\htdocs\\wdpf55_codegitore\\Car_Repair_Admin_template\\public\\index.php')
CRITICAL - 2023-12-21 09:11:51 --> syntax error, unexpected end of file
in APPPATH\Config\Routes.php on line 41.
 1 SYSTEMPATH\CodeIgniter.php(810): CodeIgniter\Router\RouteCollection->loadRoutes()
 2 SYSTEMPATH\CodeIgniter.php(450): CodeIgniter\CodeIgniter->tryToRouteIt(null)
 3 SYSTEMPATH\CodeIgniter.php(361): CodeIgniter\CodeIgniter->handleRequest(null, Object(Config\Cache), false)
 4 FCPATH\index.php(79): CodeIgniter\CodeIgniter->run()
 5 SYSTEMPATH\Commands\Server\rewrite.php(47): require_once('E:\\xamp\\htdocs\\wdpf55_codegitore\\Car_Repair_Admin_template\\public\\index.php')
CRITICAL - 2023-12-21 09:12:12 --> syntax error, unexpected end of file
in APPPATH\Config\Routes.php on line 41.
 1 SYSTEMPATH\CodeIgniter.php(810): CodeIgniter\Router\RouteCollection->loadRoutes()
 2 SYSTEMPATH\CodeIgniter.php(450): CodeIgniter\CodeIgniter->tryToRouteIt(null)
 3 SYSTEMPATH\CodeIgniter.php(361): CodeIgniter\CodeIgniter->handleRequest(null, Object(Config\Cache), false)
 4 FCPATH\index.php(79): CodeIgniter\CodeIgniter->run()
 5 SYSTEMPATH\Commands\Server\rewrite.php(47): require_once('E:\\xamp\\htdocs\\wdpf55_codegitore\\Car_Repair_Admin_template\\public\\index.php')
CRITICAL - 2023-12-21 09:12:13 --> syntax error, unexpected end of file
in APPPATH\Config\Routes.php on line 41.
 1 SYSTEMPATH\CodeIgniter.php(810): CodeIgniter\Router\RouteCollection->loadRoutes()
 2 SYSTEMPATH\CodeIgniter.php(450): CodeIgniter\CodeIgniter->tryToRouteIt(null)
 3 SYSTEMPATH\CodeIgniter.php(361): CodeIgniter\CodeIgniter->handleRequest(null, Object(Config\Cache), false)
 4 FCPATH\index.php(79): CodeIgniter\CodeIgniter->run()
 5 SYSTEMPATH\Commands\Server\rewrite.php(47): require_once('E:\\xamp\\htdocs\\wdpf55_codegitore\\Car_Repair_Admin_template\\public\\index.php')
CRITICAL - 2023-12-21 09:12:14 --> syntax error, unexpected end of file
in APPPATH\Config\Routes.php on line 41.
 1 SYSTEMPATH\CodeIgniter.php(810): CodeIgniter\Router\RouteCollection->loadRoutes()
 2 SYSTEMPATH\CodeIgniter.php(450): CodeIgniter\CodeIgniter->tryToRouteIt(null)
 3 SYSTEMPATH\CodeIgniter.php(361): CodeIgniter\CodeIgniter->handleRequest(null, Object(Config\Cache), false)
 4 FCPATH\index.php(79): CodeIgniter\CodeIgniter->run()
 5 SYSTEMPATH\Commands\Server\rewrite.php(47): require_once('E:\\xamp\\htdocs\\wdpf55_codegitore\\Car_Repair_Admin_template\\public\\index.php')
CRITICAL - 2023-12-21 09:12:34 --> syntax error, unexpected end of file
in APPPATH\Config\Routes.php on line 41.
 1 SYSTEMPATH\CodeIgniter.php(810): CodeIgniter\Router\RouteCollection->loadRoutes()
 2 SYSTEMPATH\CodeIgniter.php(450): CodeIgniter\CodeIgniter->tryToRouteIt(null)
 3 SYSTEMPATH\CodeIgniter.php(361): CodeIgniter\CodeIgniter->handleRequest(null, Object(Config\Cache), false)
 4 FCPATH\index.php(79): CodeIgniter\CodeIgniter->run()
 5 SYSTEMPATH\Commands\Server\rewrite.php(47): require_once('E:\\xamp\\htdocs\\wdpf55_codegitore\\Car_Repair_Admin_template\\public\\index.php')
CRITICAL - 2023-12-21 09:12:35 --> syntax error, unexpected end of file
in APPPATH\Config\Routes.php on line 41.
 1 SYSTEMPATH\CodeIgniter.php(810): CodeIgniter\Router\RouteCollection->loadRoutes()
 2 SYSTEMPATH\CodeIgniter.php(450): CodeIgniter\CodeIgniter->tryToRouteIt(null)
 3 SYSTEMPATH\CodeIgniter.php(361): CodeIgniter\CodeIgniter->handleRequest(null, Object(Config\Cache), false)
 4 FCPATH\index.php(79): CodeIgniter\CodeIgniter->run()
 5 SYSTEMPATH\Commands\Server\rewrite.php(47): require_once('E:\\xamp\\htdocs\\wdpf55_codegitore\\Car_Repair_Admin_template\\public\\index.php')
CRITICAL - 2023-12-21 09:12:35 --> syntax error, unexpected end of file
in APPPATH\Config\Routes.php on line 41.
 1 SYSTEMPATH\CodeIgniter.php(810): CodeIgniter\Router\RouteCollection->loadRoutes()
 2 SYSTEMPATH\CodeIgniter.php(450): CodeIgniter\CodeIgniter->tryToRouteIt(null)
 3 SYSTEMPATH\CodeIgniter.php(361): CodeIgniter\CodeIgniter->handleRequest(null, Object(Config\Cache), false)
 4 FCPATH\index.php(79): CodeIgniter\CodeIgniter->run()
 5 SYSTEMPATH\Commands\Server\rewrite.php(47): require_once('E:\\xamp\\htdocs\\wdpf55_codegitore\\Car_Repair_Admin_template\\public\\index.php')
INFO - 2023-12-21 09:13:37 --> Session: Class initialized using 'CodeIgniter\Session\Handlers\FileHandler' driver.
INFO - 2023-12-21 09:17:13 --> Session: Class initialized using 'CodeIgniter\Session\Handlers\FileHandler' driver.
INFO - 2023-12-21 09:19:54 --> Session: Class initialized using 'CodeIgniter\Session\Handlers\FileHandler' driver.
INFO - 2023-12-21 10:42:30 --> Session: Class initialized using 'CodeIgniter\Session\Handlers\FileHandler' driver.
CRITICAL - 2023-12-21 11:52:10 --> syntax error, unexpected '}'
in APPPATH\Controllers\CustomerController.php on line 45.
 1 SYSTEMPATH\Autoloader\Autoloader.php(291): CodeIgniter\Autoloader\Autoloader->includeFile('E:\\xamp\\htdocs\\wdpf55_codegitore\\Car_Repair_Admin_template\\app\\Controllers\\CustomerController.php')
 2 SYSTEMPATH\Autoloader\Autoloader.php(269): CodeIgniter\Autoloader\Autoloader->loadInNamespace('App\\Controllers\\CustomerController')
 3 [internal function]: CodeIgniter\Autoloader\Autoloader->loadClass('App\\Controllers\\CustomerController')
 4 [internal function]: spl_autoload_call('App\\Controllers\\CustomerController')
 5 SYSTEMPATH\CodeIgniter.php(900): class_exists('\\App\\Controllers\\CustomerController', true)
 6 SYSTEMPATH\CodeIgniter.php(489): CodeIgniter\CodeIgniter->startController()
 7 SYSTEMPATH\CodeIgniter.php(361): CodeIgniter\CodeIgniter->handleRequest(null, Object(Config\Cache), false)
 8 FCPATH\index.php(79): CodeIgniter\CodeIgniter->run()
 9 SYSTEMPATH\Commands\Server\rewrite.php(47): require_once('E:\\xamp\\htdocs\\wdpf55_codegitore\\Car_Repair_Admin_template\\public\\index.php')
CRITICAL - 2023-12-21 11:53:14 --> Invalid file: "/signup.php"
in SYSTEMPATH\Exceptions\FrameworkException.php on line 39.
 1 SYSTEMPATH\View\View.php(216): CodeIgniter\Exceptions\FrameworkException::forInvalidFile('/signup.php')
 2 SYSTEMPATH\Common.php(1190): CodeIgniter\View\View->render('/signup', [], true)
 3 APPPATH\Controllers\SignupController.php(40): view('/signup')
 4 SYSTEMPATH\CodeIgniter.php(942): App\Controllers\SignupController->store()
 5 SYSTEMPATH\CodeIgniter.php(502): CodeIgniter\CodeIgniter->runController(Object(App\Controllers\SignupController))
 6 SYSTEMPATH\CodeIgniter.php(361): CodeIgniter\CodeIgniter->handleRequest(null, Object(Config\Cache), false)
 7 FCPATH\index.php(79): CodeIgniter\CodeIgniter->run()
 8 SYSTEMPATH\Commands\Server\rewrite.php(47): require_once('E:\\xamp\\htdocs\\wdpf55_codegitore\\Car_Repair_Admin_template\\public\\index.php')
CRITICAL - 2023-12-21 12:03:42 --> Invalid file: "/signup.php"
in SYSTEMPATH\Exceptions\FrameworkException.php on line 39.
 1 SYSTEMPATH\View\View.php(216): CodeIgniter\Exceptions\FrameworkException::forInvalidFile('/signup.php')
 2 SYSTEMPATH\Common.php(1190): CodeIgniter\View\View->render('/signup', [], true)
 3 APPPATH\Controllers\SignupController.php(40): view('/signup')
 4 SYSTEMPATH\CodeIgniter.php(942): App\Controllers\SignupController->store()
 5 SYSTEMPATH\CodeIgniter.php(502): CodeIgniter\CodeIgniter->runController(Object(App\Controllers\SignupController))
 6 SYSTEMPATH\CodeIgniter.php(361): CodeIgniter\CodeIgniter->handleRequest(null, Object(Config\Cache), false)
 7 FCPATH\index.php(79): CodeIgniter\CodeIgniter->run()
 8 SYSTEMPATH\Commands\Server\rewrite.php(47): require_once('E:\\xamp\\htdocs\\wdpf55_codegitore\\Car_Repair_Admin_template\\public\\index.php')
CRITICAL - 2023-12-21 12:03:47 --> Invalid file: "/signup.php"
in SYSTEMPATH\Exceptions\FrameworkException.php on line 39.
 1 SYSTEMPATH\View\View.php(216): CodeIgniter\Exceptions\FrameworkException::forInvalidFile('/signup.php')
 2 SYSTEMPATH\Common.php(1190): CodeIgniter\View\View->render('/signup', [], true)
 3 APPPATH\Controllers\SignupController.php(40): view('/signup')
 4 SYSTEMPATH\CodeIgniter.php(942): App\Controllers\SignupController->store()
 5 SYSTEMPATH\CodeIgniter.php(502): CodeIgniter\CodeIgniter->runController(Object(App\Controllers\SignupController))
 6 SYSTEMPATH\CodeIgniter.php(361): CodeIgniter\CodeIgniter->handleRequest(null, Object(Config\Cache), false)
 7 FCPATH\index.php(79): CodeIgniter\CodeIgniter->run()
 8 SYSTEMPATH\Commands\Server\rewrite.php(47): require_once('E:\\xamp\\htdocs\\wdpf55_codegitore\\Car_Repair_Admin_template\\public\\index.php')
CRITICAL - 2023-12-21 12:04:37 --> Invalid file: "/signup.php"
in SYSTEMPATH\Exceptions\FrameworkException.php on line 39.
 1 SYSTEMPATH\View\View.php(216): CodeIgniter\Exceptions\FrameworkException::forInvalidFile('/signup.php')
 2 SYSTEMPATH\Common.php(1190): CodeIgniter\View\View->render('/signup', [], true)
 3 APPPATH\Controllers\SignupController.php(40): view('/signup')
 4 SYSTEMPATH\CodeIgniter.php(942): App\Controllers\SignupController->store()
 5 SYSTEMPATH\CodeIgniter.php(502): CodeIgniter\CodeIgniter->runController(Object(App\Controllers\SignupController))
 6 SYSTEMPATH\CodeIgniter.php(361): CodeIgniter\CodeIgniter->handleRequest(null, Object(Config\Cache), false)
 7 FCPATH\index.php(79): CodeIgniter\CodeIgniter->run()
 8 SYSTEMPATH\Commands\Server\rewrite.php(47): require_once('E:\\xamp\\htdocs\\wdpf55_codegitore\\Car_Repair_Admin_template\\public\\index.php')
INFO - 2023-12-21 12:06:12 --> Session: Class initialized using 'CodeIgniter\Session\Handlers\FileHandler' driver.
INFO - 2023-12-21 12:19:42 --> Session: Class initialized using 'CodeIgniter\Session\Handlers\FileHandler' driver.
INFO - 2023-12-21 12:19:50 --> Session: Class initialized using 'CodeIgniter\Session\Handlers\FileHandler' driver.
CRITICAL - 2023-12-21 12:20:12 --> Invalid file: "/customer/create.php"
in SYSTEMPATH\Exceptions\FrameworkException.php on line 39.
 1 SYSTEMPATH\View\View.php(216): CodeIgniter\Exceptions\FrameworkException::forInvalidFile('/customer/create.php')
 2 SYSTEMPATH\Common.php(1190): CodeIgniter\View\View->render('/customer/create', [], true)
 3 APPPATH\Controllers\CustomerController.php(46): view('/customer/create')
 4 SYSTEMPATH\CodeIgniter.php(942): App\Controllers\CustomerController->store()
 5 SYSTEMPATH\CodeIgniter.php(502): CodeIgniter\CodeIgniter->runController(Object(App\Controllers\CustomerController))
 6 SYSTEMPATH\CodeIgniter.php(361): CodeIgniter\CodeIgniter->handleRequest(null, Object(Config\Cache), false)
 7 FCPATH\index.php(79): CodeIgniter\CodeIgniter->run()
 8 SYSTEMPATH\Commands\Server\rewrite.php(47): require_once('E:\\xamp\\htdocs\\wdpf55_codegitore\\Car_Repair_Admin_template\\public\\index.php')
CRITICAL - 2023-12-21 12:21:42 --> Invalid file: "/customer/create.php"
in SYSTEMPATH\Exceptions\FrameworkException.php on line 39.
 1 SYSTEMPATH\View\View.php(216): CodeIgniter\Exceptions\FrameworkException::forInvalidFile('/customer/create.php')
 2 SYSTEMPATH\Common.php(1190): CodeIgniter\View\View->render('/customer/create', [], true)
 3 APPPATH\Controllers\CustomerController.php(46): view('/customer/create')
 4 SYSTEMPATH\CodeIgniter.php(942): App\Controllers\CustomerController->store()
 5 SYSTEMPATH\CodeIgniter.php(502): CodeIgniter\CodeIgniter->runController(Object(App\Controllers\CustomerController))
 6 SYSTEMPATH\CodeIgniter.php(361): CodeIgniter\CodeIgniter->handleRequest(null, Object(Config\Cache), false)
 7 FCPATH\index.php(79): CodeIgniter\CodeIgniter->run()
 8 SYSTEMPATH\Commands\Server\rewrite.php(47): require_once('E:\\xamp\\htdocs\\wdpf55_codegitore\\Car_Repair_Admin_template\\public\\index.php')
CRITICAL - 2023-12-21 12:22:24 --> Invalid file: "/customer/create/.php"
in SYSTEMPATH\Exceptions\FrameworkException.php on line 39.
 1 SYSTEMPATH\View\View.php(216): CodeIgniter\Exceptions\FrameworkException::forInvalidFile('/customer/create/.php')
 2 SYSTEMPATH\Common.php(1190): CodeIgniter\View\View->render('/customer/create/', [], true)
 3 APPPATH\Controllers\CustomerController.php(46): view('/customer/create/')
 4 SYSTEMPATH\CodeIgniter.php(942): App\Controllers\CustomerController->store()
 5 SYSTEMPATH\CodeIgniter.php(502): CodeIgniter\CodeIgniter->runController(Object(App\Controllers\CustomerController))
 6 SYSTEMPATH\CodeIgniter.php(361): CodeIgniter\CodeIgniter->handleRequest(null, Object(Config\Cache), false)
 7 FCPATH\index.php(79): CodeIgniter\CodeIgniter->run()
 8 SYSTEMPATH\Commands\Server\rewrite.php(47): require_once('E:\\xamp\\htdocs\\wdpf55_codegitore\\Car_Repair_Admin_template\\public\\index.php')
ERROR - 2023-12-21 12:24:53 --> mysqli_sql_exception: You have an error in your SQL syntax; check the manual that corresponds to your MariaDB server version for the right syntax to use near '`Number`, `address`, `state`, `created_at`, `details`) VALUES ('khayrul Alam ...' at line 1 in E:\xamp\htdocs\wdpf55_codegitore\Car_Repair_Admin_template\system\Database\MySQLi\Connection.php:306
Stack trace:
#0 E:\xamp\htdocs\wdpf55_codegitore\Car_Repair_Admin_template\system\Database\MySQLi\Connection.php(306): mysqli->query('INSERT INTO `cu...', 0)
#1 E:\xamp\htdocs\wdpf55_codegitore\Car_Repair_Admin_template\system\Database\BaseConnection.php(693): CodeIgniter\Database\MySQLi\Connection->execute('INSERT INTO `cu...')
#2 E:\xamp\htdocs\wdpf55_codegitore\Car_Repair_Admin_template\system\Database\BaseConnection.php(607): CodeIgniter\Database\BaseConnection->simpleQuery('INSERT INTO `cu...')
#3 E:\xamp\htdocs\wdpf55_codegitore\Car_Repair_Admin_template\system\Database\BaseBuilder.php(2308): CodeIgniter\Database\BaseConnection->query('INSERT INTO `cu...', Array, false)
#4 E:\xamp\htdocs\wdpf55_codegitore\Car_Repair_Admin_template\system\Model.php(319): CodeIgniter\Database\BaseBuilder->insert()
#5 E:\xamp\htdocs\wdpf55_codegitore\Car_Repair_Admin_template\system\BaseModel.php(788): CodeIgniter\Model->doInsert(Array)
#6 E:\xamp\htdocs\wdpf55_codegitore\Car_Repair_Admin_template\system\Model.php(715): CodeIgniter\BaseModel->insert(Array, true)
#7 E:\xamp\htdocs\wdpf55_codegitore\Car_Repair_Admin_template\app\Controllers\CustomerController.php(49): CodeIgniter\Model->insert(Array)
#8 E:\xamp\htdocs\wdpf55_codegitore\Car_Repair_Admin_template\system\CodeIgniter.php(942): App\Controllers\CustomerController->store()
#9 E:\xamp\htdocs\wdpf55_codegitore\Car_Repair_Admin_template\system\CodeIgniter.php(502): CodeIgniter\CodeIgniter->runController(Object(App\Controllers\CustomerController))
#10 E:\xamp\htdocs\wdpf55_codegitore\Car_Repair_Admin_template\system\CodeIgniter.php(361): CodeIgniter\CodeIgniter->handleRequest(NULL, Object(Config\Cache), false)
#11 E:\xamp\htdocs\wdpf55_codegitore\Car_Repair_Admin_template\public\index.php(79): CodeIgniter\CodeIgniter->run()
#12 E:\xamp\htdocs\wdpf55_codegitore\Car_Repair_Admin_template\system\Commands\Server\rewrite.php(47): require_once('E:\\xamp\\htdocs\\...')
#13 {main}
CRITICAL - 2023-12-21 12:24:53 --> You have an error in your SQL syntax; check the manual that corresponds to your MariaDB server version for the right syntax to use near '`Number`, `address`, `state`, `created_at`, `details`) VALUES ('khayrul Alam ...' at line 1
in SYSTEMPATH\Database\BaseConnection.php on line 647.
 1 SYSTEMPATH\Database\BaseBuilder.php(2308): CodeIgniter\Database\BaseConnection->query('INSERT INTO `customers` (`name`, `email`, `phone` `Number`, `address`, `state`, `created_at`, `details`) VALUES (:name:, :email:, :phone Number:, :address:, :state:, :created_at:, :details:)', [...], false)
 2 SYSTEMPATH\Model.php(319): CodeIgniter\Database\BaseBuilder->insert()
 3 SYSTEMPATH\BaseModel.php(788): CodeIgniter\Model->doInsert([...])
 4 SYSTEMPATH\Model.php(715): CodeIgniter\BaseModel->insert([...], true)
 5 APPPATH\Controllers\CustomerController.php(49): CodeIgniter\Model->insert([...])
 6 SYSTEMPATH\CodeIgniter.php(942): App\Controllers\CustomerController->store()
 7 SYSTEMPATH\CodeIgniter.php(502): CodeIgniter\CodeIgniter->runController(Object(App\Controllers\CustomerController))
 8 SYSTEMPATH\CodeIgniter.php(361): CodeIgniter\CodeIgniter->handleRequest(null, Object(Config\Cache), false)
 9 FCPATH\index.php(79): CodeIgniter\CodeIgniter->run()
10 SYSTEMPATH\Commands\Server\rewrite.php(47): require_once('E:\\xamp\\htdocs\\wdpf55_codegitore\\Car_Repair_Admin_template\\public\\index.php')
ERROR - 2023-12-21 12:28:09 --> mysqli_sql_exception: Column 'address' cannot be null in E:\xamp\htdocs\wdpf55_codegitore\Car_Repair_Admin_template\system\Database\MySQLi\Connection.php:306
Stack trace:
#0 E:\xamp\htdocs\wdpf55_codegitore\Car_Repair_Admin_template\system\Database\MySQLi\Connection.php(306): mysqli->query('INSERT INTO `cu...', 0)
#1 E:\xamp\htdocs\wdpf55_codegitore\Car_Repair_Admin_template\system\Database\BaseConnection.php(693): CodeIgniter\Database\MySQLi\Connection->execute('INSERT INTO `cu...')
#2 E:\xamp\htdocs\wdpf55_codegitore\Car_Repair_Admin_template\system\Database\BaseConnection.php(607): CodeIgniter\Database\BaseConnection->simpleQuery('INSERT INTO `cu...')
#3 E:\xamp\htdocs\wdpf55_codegitore\Car_Repair_Admin_template\system\Database\BaseBuilder.php(2308): CodeIgniter\Database\BaseConnection->query('INSERT INTO `cu...', Array, false)
#4 E:\xamp\htdocs\wdpf55_codegitore\Car_Repair_Admin_template\system\Model.php(319): CodeIgniter\Database\BaseBuilder->insert()
#5 E:\xamp\htdocs\wdpf55_codegitore\Car_Repair_Admin_template\system\BaseModel.php(788): CodeIgniter\Model->doInsert(Array)
#6 E:\xamp\htdocs\wdpf55_codegitore\Car_Repair_Admin_template\system\Model.php(715): CodeIgniter\BaseModel->insert(Array, true)
#7 E:\xamp\htdocs\wdpf55_codegitore\Car_Repair_Admin_template\app\Controllers\CustomerController.php(49): CodeIgniter\Model->insert(Array)
#8 E:\xamp\htdocs\wdpf55_codegitore\Car_Repair_Admin_template\system\CodeIgniter.php(942): App\Controllers\CustomerController->store()
#9 E:\xamp\htdocs\wdpf55_codegitore\Car_Repair_Admin_template\system\CodeIgniter.php(502): CodeIgniter\CodeIgniter->runController(Object(App\Controllers\CustomerController))
#10 E:\xamp\htdocs\wdpf55_codegitore\Car_Repair_Admin_template\system\CodeIgniter.php(361): CodeIgniter\CodeIgniter->handleRequest(NULL, Object(Config\Cache), false)
#11 E:\xamp\htdocs\wdpf55_codegitore\Car_Repair_Admin_template\public\index.php(79): CodeIgniter\CodeIgniter->run()
#12 E:\xamp\htdocs\wdpf55_codegitore\Car_Repair_Admin_template\system\Commands\Server\rewrite.php(47): require_once('E:\\xamp\\htdocs\\...')
#13 {main}
CRITICAL - 2023-12-21 12:28:09 --> Column 'address' cannot be null
in SYSTEMPATH\Database\BaseConnection.php on line 647.
 1 SYSTEMPATH\Database\BaseBuilder.php(2308): CodeIgniter\Database\BaseConnection->query('INSERT INTO `customers` (`name`, `email`, `phone_Number`, `address`, `state`, `created_at`, `details`) VALUES (:name:, :email:, :phone_Number:, :address:, :state:, :created_at:, :details:)', [...], false)
 2 SYSTEMPATH\Model.php(319): CodeIgniter\Database\BaseBuilder->insert()
 3 SYSTEMPATH\BaseModel.php(788): CodeIgniter\Model->doInsert([...])
 4 SYSTEMPATH\Model.php(715): CodeIgniter\BaseModel->insert([...], true)
 5 APPPATH\Controllers\CustomerController.php(49): CodeIgniter\Model->insert([...])
 6 SYSTEMPATH\CodeIgniter.php(942): App\Controllers\CustomerController->store()
 7 SYSTEMPATH\CodeIgniter.php(502): CodeIgniter\CodeIgniter->runController(Object(App\Controllers\CustomerController))
 8 SYSTEMPATH\CodeIgniter.php(361): CodeIgniter\CodeIgniter->handleRequest(null, Object(Config\Cache), false)
 9 FCPATH\index.php(79): CodeIgniter\CodeIgniter->run()
10 SYSTEMPATH\Commands\Server\rewrite.php(47): require_once('E:\\xamp\\htdocs\\wdpf55_codegitore\\Car_Repair_Admin_template\\public\\index.php')
ERROR - 2023-12-21 12:29:25 --> mysqli_sql_exception: Column 'address' cannot be null in E:\xamp\htdocs\wdpf55_codegitore\Car_Repair_Admin_template\system\Database\MySQLi\Connection.php:306
Stack trace:
#0 E:\xamp\htdocs\wdpf55_codegitore\Car_Repair_Admin_template\system\Database\MySQLi\Connection.php(306): mysqli->query('INSERT INTO `cu...', 0)
#1 E:\xamp\htdocs\wdpf55_codegitore\Car_Repair_Admin_template\system\Database\BaseConnection.php(693): CodeIgniter\Database\MySQLi\Connection->execute('INSERT INTO `cu...')
#2 E:\xamp\htdocs\wdpf55_codegitore\Car_Repair_Admin_template\system\Database\BaseConnection.php(607): CodeIgniter\Database\BaseConnection->simpleQuery('INSERT INTO `cu...')
#3 E:\xamp\htdocs\wdpf55_codegitore\Car_Repair_Admin_template\system\Database\BaseBuilder.php(2308): CodeIgniter\Database\BaseConnection->query('INSERT INTO `cu...', Array, false)
#4 E:\xamp\htdocs\wdpf55_codegitore\Car_Repair_Admin_template\system\Model.php(319): CodeIgniter\Database\BaseBuilder->insert()
#5 E:\xamp\htdocs\wdpf55_codegitore\Car_Repair_Admin_template\system\BaseModel.php(788): CodeIgniter\Model->doInsert(Array)
#6 E:\xamp\htdocs\wdpf55_codegitore\Car_Repair_Admin_template\system\Model.php(715): CodeIgniter\BaseModel->insert(Array, true)
#7 E:\xamp\htdocs\wdpf55_codegitore\Car_Repair_Admin_template\app\Controllers\CustomerController.php(49): CodeIgniter\Model->insert(Array)
#8 E:\xamp\htdocs\wdpf55_codegitore\Car_Repair_Admin_template\system\CodeIgniter.php(942): App\Controllers\CustomerController->store()
#9 E:\xamp\htdocs\wdpf55_codegitore\Car_Repair_Admin_template\system\CodeIgniter.php(502): CodeIgniter\CodeIgniter->runController(Object(App\Controllers\CustomerController))
#10 E:\xamp\htdocs\wdpf55_codegitore\Car_Repair_Admin_template\system\CodeIgniter.php(361): CodeIgniter\CodeIgniter->handleRequest(NULL, Object(Config\Cache), false)
#11 E:\xamp\htdocs\wdpf55_codegitore\Car_Repair_Admin_template\public\index.php(79): CodeIgniter\CodeIgniter->run()
#12 E:\xamp\htdocs\wdpf55_codegitore\Car_Repair_Admin_template\system\Commands\Server\rewrite.php(47): require_once('E:\\xamp\\htdocs\\...')
#13 {main}
CRITICAL - 2023-12-21 12:29:25 --> Column 'address' cannot be null
in SYSTEMPATH\Database\BaseConnection.php on line 647.
 1 SYSTEMPATH\Database\BaseBuilder.php(2308): CodeIgniter\Database\BaseConnection->query('INSERT INTO `customers` (`name`, `email`, `phone_Number`, `address`, `state`, `created_at`, `details`) VALUES (:name:, :email:, :phone_Number:, :address:, :state:, :created_at:, :details:)', [...], false)
 2 SYSTEMPATH\Model.php(319): CodeIgniter\Database\BaseBuilder->insert()
 3 SYSTEMPATH\BaseModel.php(788): CodeIgniter\Model->doInsert([...])
 4 SYSTEMPATH\Model.php(715): CodeIgniter\BaseModel->insert([...], true)
 5 APPPATH\Controllers\CustomerController.php(49): CodeIgniter\Model->insert([...])
 6 SYSTEMPATH\CodeIgniter.php(942): App\Controllers\CustomerController->store()
 7 SYSTEMPATH\CodeIgniter.php(502): CodeIgniter\CodeIgniter->runController(Object(App\Controllers\CustomerController))
 8 SYSTEMPATH\CodeIgniter.php(361): CodeIgniter\CodeIgniter->handleRequest(null, Object(Config\Cache), false)
 9 FCPATH\index.php(79): CodeIgniter\CodeIgniter->run()
10 SYSTEMPATH\Commands\Server\rewrite.php(47): require_once('E:\\xamp\\htdocs\\wdpf55_codegitore\\Car_Repair_Admin_template\\public\\index.php')
ERROR - 2023-12-21 12:33:42 --> mysqli_sql_exception: Column 'address' cannot be null in E:\xamp\htdocs\wdpf55_codegitore\Car_Repair_Admin_template\system\Database\MySQLi\Connection.php:306
Stack trace:
#0 E:\xamp\htdocs\wdpf55_codegitore\Car_Repair_Admin_template\system\Database\MySQLi\Connection.php(306): mysqli->query('INSERT INTO `cu...', 0)
#1 E:\xamp\htdocs\wdpf55_codegitore\Car_Repair_Admin_template\system\Database\BaseConnection.php(693): CodeIgniter\Database\MySQLi\Connection->execute('INSERT INTO `cu...')
#2 E:\xamp\htdocs\wdpf55_codegitore\Car_Repair_Admin_template\system\Database\BaseConnection.php(607): CodeIgniter\Database\BaseConnection->simpleQuery('INSERT INTO `cu...')
#3 E:\xamp\htdocs\wdpf55_codegitore\Car_Repair_Admin_template\system\Database\BaseBuilder.php(2308): CodeIgniter\Database\BaseConnection->query('INSERT INTO `cu...', Array, false)
#4 E:\xamp\htdocs\wdpf55_codegitore\Car_Repair_Admin_template\system\Model.php(319): CodeIgniter\Database\BaseBuilder->insert()
#5 E:\xamp\htdocs\wdpf55_codegitore\Car_Repair_Admin_template\system\BaseModel.php(788): CodeIgniter\Model->doInsert(Array)
#6 E:\xamp\htdocs\wdpf55_codegitore\Car_Repair_Admin_template\system\Model.php(715): CodeIgniter\BaseModel->insert(Array, true)
#7 E:\xamp\htdocs\wdpf55_codegitore\Car_Repair_Admin_template\app\Controllers\CustomerController.php(49): CodeIgniter\Model->insert(Array)
#8 E:\xamp\htdocs\wdpf55_codegitore\Car_Repair_Admin_template\system\CodeIgniter.php(942): App\Controllers\CustomerController->store()
#9 E:\xamp\htdocs\wdpf55_codegitore\Car_Repair_Admin_template\system\CodeIgniter.php(502): CodeIgniter\CodeIgniter->runController(Object(App\Controllers\CustomerController))
#10 E:\xamp\htdocs\wdpf55_codegitore\Car_Repair_Admin_template\system\CodeIgniter.php(361): CodeIgniter\CodeIgniter->handleRequest(NULL, Object(Config\Cache), false)
#11 E:\xamp\htdocs\wdpf55_codegitore\Car_Repair_Admin_template\public\index.php(79): CodeIgniter\CodeIgniter->run()
#12 E:\xamp\htdocs\wdpf55_codegitore\Car_Repair_Admin_template\system\Commands\Server\rewrite.php(47): require_once('E:\\xamp\\htdocs\\...')
#13 {main}
CRITICAL - 2023-12-21 12:33:42 --> Column 'address' cannot be null
in SYSTEMPATH\Database\BaseConnection.php on line 647.
 1 SYSTEMPATH\Database\BaseBuilder.php(2308): CodeIgniter\Database\BaseConnection->query('INSERT INTO `customers` (`name`, `email`, `phone_Number`, `address`, `state`, `created_at`, `details`) VALUES (:name:, :email:, :phone_Number:, :address:, :state:, :created_at:, :details:)', [...], false)
 2 SYSTEMPATH\Model.php(319): CodeIgniter\Database\BaseBuilder->insert()
 3 SYSTEMPATH\BaseModel.php(788): CodeIgniter\Model->doInsert([...])
 4 SYSTEMPATH\Model.php(715): CodeIgniter\BaseModel->insert([...], true)
 5 APPPATH\Controllers\CustomerController.php(49): CodeIgniter\Model->insert([...])
 6 SYSTEMPATH\CodeIgniter.php(942): App\Controllers\CustomerController->store()
 7 SYSTEMPATH\CodeIgniter.php(502): CodeIgniter\CodeIgniter->runController(Object(App\Controllers\CustomerController))
 8 SYSTEMPATH\CodeIgniter.php(361): CodeIgniter\CodeIgniter->handleRequest(null, Object(Config\Cache), false)
 9 FCPATH\index.php(79): CodeIgniter\CodeIgniter->run()
10 SYSTEMPATH\Commands\Server\rewrite.php(47): require_once('E:\\xamp\\htdocs\\wdpf55_codegitore\\Car_Repair_Admin_template\\public\\index.php')
ERROR - 2023-12-21 12:33:46 --> mysqli_sql_exception: Column 'address' cannot be null in E:\xamp\htdocs\wdpf55_codegitore\Car_Repair_Admin_template\system\Database\MySQLi\Connection.php:306
Stack trace:
#0 E:\xamp\htdocs\wdpf55_codegitore\Car_Repair_Admin_template\system\Database\MySQLi\Connection.php(306): mysqli->query('INSERT INTO `cu...', 0)
#1 E:\xamp\htdocs\wdpf55_codegitore\Car_Repair_Admin_template\system\Database\BaseConnection.php(693): CodeIgniter\Database\MySQLi\Connection->execute('INSERT INTO `cu...')
#2 E:\xamp\htdocs\wdpf55_codegitore\Car_Repair_Admin_template\system\Database\BaseConnection.php(607): CodeIgniter\Database\BaseConnection->simpleQuery('INSERT INTO `cu...')
#3 E:\xamp\htdocs\wdpf55_codegitore\Car_Repair_Admin_template\system\Database\BaseBuilder.php(2308): CodeIgniter\Database\BaseConnection->query('INSERT INTO `cu...', Array, false)
#4 E:\xamp\htdocs\wdpf55_codegitore\Car_Repair_Admin_template\system\Model.php(319): CodeIgniter\Database\BaseBuilder->insert()
#5 E:\xamp\htdocs\wdpf55_codegitore\Car_Repair_Admin_template\system\BaseModel.php(788): CodeIgniter\Model->doInsert(Array)
#6 E:\xamp\htdocs\wdpf55_codegitore\Car_Repair_Admin_template\system\Model.php(715): CodeIgniter\BaseModel->insert(Array, true)
#7 E:\xamp\htdocs\wdpf55_codegitore\Car_Repair_Admin_template\app\Controllers\CustomerController.php(49): CodeIgniter\Model->insert(Array)
#8 E:\xamp\htdocs\wdpf55_codegitore\Car_Repair_Admin_template\system\CodeIgniter.php(942): App\Controllers\CustomerController->store()
#9 E:\xamp\htdocs\wdpf55_codegitore\Car_Repair_Admin_template\system\CodeIgniter.php(502): CodeIgniter\CodeIgniter->runController(Object(App\Controllers\CustomerController))
#10 E:\xamp\htdocs\wdpf55_codegitore\Car_Repair_Admin_template\system\CodeIgniter.php(361): CodeIgniter\CodeIgniter->handleRequest(NULL, Object(Config\Cache), false)
#11 E:\xamp\htdocs\wdpf55_codegitore\Car_Repair_Admin_template\public\index.php(79): CodeIgniter\CodeIgniter->run()
#12 E:\xamp\htdocs\wdpf55_codegitore\Car_Repair_Admin_template\system\Commands\Server\rewrite.php(47): require_once('E:\\xamp\\htdocs\\...')
#13 {main}
CRITICAL - 2023-12-21 12:33:46 --> Column 'address' cannot be null
in SYSTEMPATH\Database\BaseConnection.php on line 647.
 1 SYSTEMPATH\Database\BaseBuilder.php(2308): CodeIgniter\Database\BaseConnection->query('INSERT INTO `customers` (`name`, `email`, `phone_Number`, `address`, `state`, `created_at`, `details`) VALUES (:name:, :email:, :phone_Number:, :address:, :state:, :created_at:, :details:)', [...], false)
 2 SYSTEMPATH\Model.php(319): CodeIgniter\Database\BaseBuilder->insert()
 3 SYSTEMPATH\BaseModel.php(788): CodeIgniter\Model->doInsert([...])
 4 SYSTEMPATH\Model.php(715): CodeIgniter\BaseModel->insert([...], true)
 5 APPPATH\Controllers\CustomerController.php(49): CodeIgniter\Model->insert([...])
 6 SYSTEMPATH\CodeIgniter.php(942): App\Controllers\CustomerController->store()
 7 SYSTEMPATH\CodeIgniter.php(502): CodeIgniter\CodeIgniter->runController(Object(App\Controllers\CustomerController))
 8 SYSTEMPATH\CodeIgniter.php(361): CodeIgniter\CodeIgniter->handleRequest(null, Object(Config\Cache), false)
 9 FCPATH\index.php(79): CodeIgniter\CodeIgniter->run()
10 SYSTEMPATH\Commands\Server\rewrite.php(47): require_once('E:\\xamp\\htdocs\\wdpf55_codegitore\\Car_Repair_Admin_template\\public\\index.php')
INFO - 2023-12-21 12:33:50 --> Session: Class initialized using 'CodeIgniter\Session\Handlers\FileHandler' driver.
INFO - 2023-12-21 12:33:59 --> Session: Class initialized using 'CodeIgniter\Session\Handlers\FileHandler' driver.
ERROR - 2023-12-21 12:34:17 --> mysqli_sql_exception: Column 'address' cannot be null in E:\xamp\htdocs\wdpf55_codegitore\Car_Repair_Admin_template\system\Database\MySQLi\Connection.php:306
Stack trace:
#0 E:\xamp\htdocs\wdpf55_codegitore\Car_Repair_Admin_template\system\Database\MySQLi\Connection.php(306): mysqli->query('INSERT INTO `cu...', 0)
#1 E:\xamp\htdocs\wdpf55_codegitore\Car_Repair_Admin_template\system\Database\BaseConnection.php(693): CodeIgniter\Database\MySQLi\Connection->execute('INSERT INTO `cu...')
#2 E:\xamp\htdocs\wdpf55_codegitore\Car_Repair_Admin_template\system\Database\BaseConnection.php(607): CodeIgniter\Database\BaseConnection->simpleQuery('INSERT INTO `cu...')
#3 E:\xamp\htdocs\wdpf55_codegitore\Car_Repair_Admin_template\system\Database\BaseBuilder.php(2308): CodeIgniter\Database\BaseConnection->query('INSERT INTO `cu...', Array, false)
#4 E:\xamp\htdocs\wdpf55_codegitore\Car_Repair_Admin_template\system\Model.php(319): CodeIgniter\Database\BaseBuilder->insert()
#5 E:\xamp\htdocs\wdpf55_codegitore\Car_Repair_Admin_template\system\BaseModel.php(788): CodeIgniter\Model->doInsert(Array)
#6 E:\xamp\htdocs\wdpf55_codegitore\Car_Repair_Admin_template\system\Model.php(715): CodeIgniter\BaseModel->insert(Array, true)
#7 E:\xamp\htdocs\wdpf55_codegitore\Car_Repair_Admin_template\app\Controllers\CustomerController.php(49): CodeIgniter\Model->insert(Array)
#8 E:\xamp\htdocs\wdpf55_codegitore\Car_Repair_Admin_template\system\CodeIgniter.php(942): App\Controllers\CustomerController->store()
#9 E:\xamp\htdocs\wdpf55_codegitore\Car_Repair_Admin_template\system\CodeIgniter.php(502): CodeIgniter\CodeIgniter->runController(Object(App\Controllers\CustomerController))
#10 E:\xamp\htdocs\wdpf55_codegitore\Car_Repair_Admin_template\system\CodeIgniter.php(361): CodeIgniter\CodeIgniter->handleRequest(NULL, Object(Config\Cache), false)
#11 E:\xamp\htdocs\wdpf55_codegitore\Car_Repair_Admin_template\public\index.php(79): CodeIgniter\CodeIgniter->run()
#12 E:\xamp\htdocs\wdpf55_codegitore\Car_Repair_Admin_template\system\Commands\Server\rewrite.php(47): require_once('E:\\xamp\\htdocs\\...')
#13 {main}
CRITICAL - 2023-12-21 12:34:17 --> Column 'address' cannot be null
in SYSTEMPATH\Database\BaseConnection.php on line 647.
 1 SYSTEMPATH\Database\BaseBuilder.php(2308): CodeIgniter\Database\BaseConnection->query('INSERT INTO `customers` (`name`, `email`, `phone_Number`, `address`, `state`, `created_at`, `details`) VALUES (:name:, :email:, :phone_Number:, :address:, :state:, :created_at:, :details:)', [...], false)
 2 SYSTEMPATH\Model.php(319): CodeIgniter\Database\BaseBuilder->insert()
 3 SYSTEMPATH\BaseModel.php(788): CodeIgniter\Model->doInsert([...])
 4 SYSTEMPATH\Model.php(715): CodeIgniter\BaseModel->insert([...], true)
 5 APPPATH\Controllers\CustomerController.php(49): CodeIgniter\Model->insert([...])
 6 SYSTEMPATH\CodeIgniter.php(942): App\Controllers\CustomerController->store()
 7 SYSTEMPATH\CodeIgniter.php(502): CodeIgniter\CodeIgniter->runController(Object(App\Controllers\CustomerController))
 8 SYSTEMPATH\CodeIgniter.php(361): CodeIgniter\CodeIgniter->handleRequest(null, Object(Config\Cache), false)
 9 FCPATH\index.php(79): CodeIgniter\CodeIgniter->run()
10 SYSTEMPATH\Commands\Server\rewrite.php(47): require_once('E:\\xamp\\htdocs\\wdpf55_codegitore\\Car_Repair_Admin_template\\public\\index.php')
ERROR - 2023-12-21 12:36:47 --> mysqli_sql_exception: Column 'details' cannot be null in E:\xamp\htdocs\wdpf55_codegitore\Car_Repair_Admin_template\system\Database\MySQLi\Connection.php:306
Stack trace:
#0 E:\xamp\htdocs\wdpf55_codegitore\Car_Repair_Admin_template\system\Database\MySQLi\Connection.php(306): mysqli->query('INSERT INTO `cu...', 0)
#1 E:\xamp\htdocs\wdpf55_codegitore\Car_Repair_Admin_template\system\Database\BaseConnection.php(693): CodeIgniter\Database\MySQLi\Connection->execute('INSERT INTO `cu...')
#2 E:\xamp\htdocs\wdpf55_codegitore\Car_Repair_Admin_template\system\Database\BaseConnection.php(607): CodeIgniter\Database\BaseConnection->simpleQuery('INSERT INTO `cu...')
#3 E:\xamp\htdocs\wdpf55_codegitore\Car_Repair_Admin_template\system\Database\BaseBuilder.php(2308): CodeIgniter\Database\BaseConnection->query('INSERT INTO `cu...', Array, false)
#4 E:\xamp\htdocs\wdpf55_codegitore\Car_Repair_Admin_template\system\Model.php(319): CodeIgniter\Database\BaseBuilder->insert()
#5 E:\xamp\htdocs\wdpf55_codegitore\Car_Repair_Admin_template\system\BaseModel.php(788): CodeIgniter\Model->doInsert(Array)
#6 E:\xamp\htdocs\wdpf55_codegitore\Car_Repair_Admin_template\system\Model.php(715): CodeIgniter\BaseModel->insert(Array, true)
#7 E:\xamp\htdocs\wdpf55_codegitore\Car_Repair_Admin_template\app\Controllers\CustomerController.php(49): CodeIgniter\Model->insert(Array)
#8 E:\xamp\htdocs\wdpf55_codegitore\Car_Repair_Admin_template\system\CodeIgniter.php(942): App\Controllers\CustomerController->store()
#9 E:\xamp\htdocs\wdpf55_codegitore\Car_Repair_Admin_template\system\CodeIgniter.php(502): CodeIgniter\CodeIgniter->runController(Object(App\Controllers\CustomerController))
#10 E:\xamp\htdocs\wdpf55_codegitore\Car_Repair_Admin_template\system\CodeIgniter.php(361): CodeIgniter\CodeIgniter->handleRequest(NULL, Object(Config\Cache), false)
#11 E:\xamp\htdocs\wdpf55_codegitore\Car_Repair_Admin_template\public\index.php(79): CodeIgniter\CodeIgniter->run()
#12 E:\xamp\htdocs\wdpf55_codegitore\Car_Repair_Admin_template\system\Commands\Server\rewrite.php(47): require_once('E:\\xamp\\htdocs\\...')
#13 {main}
CRITICAL - 2023-12-21 12:36:47 --> Column 'details' cannot be null
in SYSTEMPATH\Database\BaseConnection.php on line 647.
 1 SYSTEMPATH\Database\BaseBuilder.php(2308): CodeIgniter\Database\BaseConnection->query('INSERT INTO `customers` (`name`, `email`, `phone_Number`, `address`, `state`, `created_at`, `details`) VALUES (:name:, :email:, :phone_Number:, :address:, :state:, :created_at:, :details:)', [...], false)
 2 SYSTEMPATH\Model.php(319): CodeIgniter\Database\BaseBuilder->insert()
 3 SYSTEMPATH\BaseModel.php(788): CodeIgniter\Model->doInsert([...])
 4 SYSTEMPATH\Model.php(715): CodeIgniter\BaseModel->insert([...], true)
 5 APPPATH\Controllers\CustomerController.php(49): CodeIgniter\Model->insert([...])
 6 SYSTEMPATH\CodeIgniter.php(942): App\Controllers\CustomerController->store()
 7 SYSTEMPATH\CodeIgniter.php(502): CodeIgniter\CodeIgniter->runController(Object(App\Controllers\CustomerController))
 8 SYSTEMPATH\CodeIgniter.php(361): CodeIgniter\CodeIgniter->handleRequest(null, Object(Config\Cache), false)
 9 FCPATH\index.php(79): CodeIgniter\CodeIgniter->run()
10 SYSTEMPATH\Commands\Server\rewrite.php(47): require_once('E:\\xamp\\htdocs\\wdpf55_codegitore\\Car_Repair_Admin_template\\public\\index.php')
INFO - 2023-12-21 12:37:22 --> Session: Class initialized using 'CodeIgniter\Session\Handlers\FileHandler' driver.
CRITICAL - 2023-12-21 12:47:25 --> Undefined variable: customers
in APPPATH\Views\customer_list\customer_table.php on line 183.
 1 APPPATH\Views\customer_list\customer_table.php(183): CodeIgniter\Debug\Exceptions->errorHandler(8, 'Undefined variable: customers', 'E:\\xamp\\htdocs\\wdpf55_codegitore\\Car_Repair_Admin_template\\app\\Views\\customer_list\\customer_table.php', 183, [...])
 2 SYSTEMPATH\View\View.php(228): include('E:\\xamp\\htdocs\\wdpf55_codegitore\\Car_Repair_Admin_template\\app\\Views\\customer_list\\customer_table.php')
 3 SYSTEMPATH\View\View.php(231): CodeIgniter\View\View->CodeIgniter\View\{closure}()
 4 SYSTEMPATH\Common.php(1190): CodeIgniter\View\View->render('customer_list/customer_table', [], true)
 5 APPPATH\Controllers\CustomerController.php(21): view('customer_list/customer_table')
 6 SYSTEMPATH\CodeIgniter.php(942): App\Controllers\CustomerController->index()
 7 SYSTEMPATH\CodeIgniter.php(502): CodeIgniter\CodeIgniter->runController(Object(App\Controllers\CustomerController))
 8 SYSTEMPATH\CodeIgniter.php(361): CodeIgniter\CodeIgniter->handleRequest(null, Object(Config\Cache), false)
 9 FCPATH\index.php(79): CodeIgniter\CodeIgniter->run()
10 SYSTEMPATH\Commands\Server\rewrite.php(47): require_once('E:\\xamp\\htdocs\\wdpf55_codegitore\\Car_Repair_Admin_template\\public\\index.php')
CRITICAL - 2023-12-21 12:47:25 --> Undefined variable: customers
in APPPATH\Views\customer_list\customer_table.php on line 183.
 1 APPPATH\Views\customer_list\customer_table.php(183): CodeIgniter\Debug\Exceptions->errorHandler(8, 'Undefined variable: customers', 'E:\\xamp\\htdocs\\wdpf55_codegitore\\Car_Repair_Admin_template\\app\\Views\\customer_list\\customer_table.php', 183, [...])
 2 SYSTEMPATH\View\View.php(228): include('E:\\xamp\\htdocs\\wdpf55_codegitore\\Car_Repair_Admin_template\\app\\Views\\customer_list\\customer_table.php')
 3 SYSTEMPATH\View\View.php(231): CodeIgniter\View\View->CodeIgniter\View\{closure}()
 4 SYSTEMPATH\Common.php(1190): CodeIgniter\View\View->render('customer_list/customer_table', [], true)
 5 APPPATH\Controllers\CustomerController.php(21): view('customer_list/customer_table')
 6 SYSTEMPATH\CodeIgniter.php(942): App\Controllers\CustomerController->index()
 7 SYSTEMPATH\CodeIgniter.php(502): CodeIgniter\CodeIgniter->runController(Object(App\Controllers\CustomerController))
 8 SYSTEMPATH\CodeIgniter.php(361): CodeIgniter\CodeIgniter->handleRequest(null, Object(Config\Cache), false)
 9 FCPATH\index.php(79): CodeIgniter\CodeIgniter->run()
10 SYSTEMPATH\Commands\Server\rewrite.php(47): require_once('E:\\xamp\\htdocs\\wdpf55_codegitore\\Car_Repair_Admin_template\\public\\index.php')
CRITICAL - 2023-12-21 12:50:43 --> Undefined variable: customers
in APPPATH\Views\customer_list\customer_table.php on line 183.
 1 APPPATH\Views\customer_list\customer_table.php(183): CodeIgniter\Debug\Exceptions->errorHandler(8, 'Undefined variable: customers', 'E:\\xamp\\htdocs\\wdpf55_codegitore\\Car_Repair_Admin_template\\app\\Views\\customer_list\\customer_table.php', 183, [...])
 2 SYSTEMPATH\View\View.php(228): include('E:\\xamp\\htdocs\\wdpf55_codegitore\\Car_Repair_Admin_template\\app\\Views\\customer_list\\customer_table.php')
 3 SYSTEMPATH\View\View.php(231): CodeIgniter\View\View->CodeIgniter\View\{closure}()
 4 SYSTEMPATH\Common.php(1190): CodeIgniter\View\View->render('customer_list/customer_table', [], true)
 5 APPPATH\Controllers\CustomerController.php(21): view('customer_list/customer_table')
 6 SYSTEMPATH\CodeIgniter.php(942): App\Controllers\CustomerController->index()
 7 SYSTEMPATH\CodeIgniter.php(502): CodeIgniter\CodeIgniter->runController(Object(App\Controllers\CustomerController))
 8 SYSTEMPATH\CodeIgniter.php(361): CodeIgniter\CodeIgniter->handleRequest(null, Object(Config\Cache), false)
 9 FCPATH\index.php(79): CodeIgniter\CodeIgniter->run()
10 SYSTEMPATH\Commands\Server\rewrite.php(47): require_once('E:\\xamp\\htdocs\\wdpf55_codegitore\\Car_Repair_Admin_template\\public\\index.php')
CRITICAL - 2023-12-21 12:50:45 --> Undefined variable: customers
in APPPATH\Views\customer_list\customer_table.php on line 183.
 1 APPPATH\Views\customer_list\customer_table.php(183): CodeIgniter\Debug\Exceptions->errorHandler(8, 'Undefined variable: customers', 'E:\\xamp\\htdocs\\wdpf55_codegitore\\Car_Repair_Admin_template\\app\\Views\\customer_list\\customer_table.php', 183, [...])
 2 SYSTEMPATH\View\View.php(228): include('E:\\xamp\\htdocs\\wdpf55_codegitore\\Car_Repair_Admin_template\\app\\Views\\customer_list\\customer_table.php')
 3 SYSTEMPATH\View\View.php(231): CodeIgniter\View\View->CodeIgniter\View\{closure}()
 4 SYSTEMPATH\Common.php(1190): CodeIgniter\View\View->render('customer_list/customer_table', [], true)
 5 APPPATH\Controllers\CustomerController.php(21): view('customer_list/customer_table')
 6 SYSTEMPATH\CodeIgniter.php(942): App\Controllers\CustomerController->index()
 7 SYSTEMPATH\CodeIgniter.php(502): CodeIgniter\CodeIgniter->runController(Object(App\Controllers\CustomerController))
 8 SYSTEMPATH\CodeIgniter.php(361): CodeIgniter\CodeIgniter->handleRequest(null, Object(Config\Cache), false)
 9 FCPATH\index.php(79): CodeIgniter\CodeIgniter->run()
10 SYSTEMPATH\Commands\Server\rewrite.php(47): require_once('E:\\xamp\\htdocs\\wdpf55_codegitore\\Car_Repair_Admin_template\\public\\index.php')
CRITICAL - 2023-12-21 12:51:45 --> Undefined variable: customers
in APPPATH\Views\customer_list\customer_table.php on line 183.
 1 APPPATH\Views\customer_list\customer_table.php(183): CodeIgniter\Debug\Exceptions->errorHandler(8, 'Undefined variable: customers', 'E:\\xamp\\htdocs\\wdpf55_codegitore\\Car_Repair_Admin_template\\app\\Views\\customer_list\\customer_table.php', 183, [...])
 2 SYSTEMPATH\View\View.php(228): include('E:\\xamp\\htdocs\\wdpf55_codegitore\\Car_Repair_Admin_template\\app\\Views\\customer_list\\customer_table.php')
 3 SYSTEMPATH\View\View.php(231): CodeIgniter\View\View->CodeIgniter\View\{closure}()
 4 SYSTEMPATH\Common.php(1190): CodeIgniter\View\View->render('customer_list/customer_table', [], true)
 5 APPPATH\Controllers\CustomerController.php(21): view('customer_list/customer_table')
 6 SYSTEMPATH\CodeIgniter.php(942): App\Controllers\CustomerController->index()
 7 SYSTEMPATH\CodeIgniter.php(502): CodeIgniter\CodeIgniter->runController(Object(App\Controllers\CustomerController))
 8 SYSTEMPATH\CodeIgniter.php(361): CodeIgniter\CodeIgniter->handleRequest(null, Object(Config\Cache), false)
 9 FCPATH\index.php(79): CodeIgniter\CodeIgniter->run()
10 SYSTEMPATH\Commands\Server\rewrite.php(47): require_once('E:\\xamp\\htdocs\\wdpf55_codegitore\\Car_Repair_Admin_template\\public\\index.php')
CRITICAL - 2023-12-21 12:51:47 --> Undefined variable: customers
in APPPATH\Views\customer_list\customer_table.php on line 183.
 1 APPPATH\Views\customer_list\customer_table.php(183): CodeIgniter\Debug\Exceptions->errorHandler(8, 'Undefined variable: customers', 'E:\\xamp\\htdocs\\wdpf55_codegitore\\Car_Repair_Admin_template\\app\\Views\\customer_list\\customer_table.php', 183, [...])
 2 SYSTEMPATH\View\View.php(228): include('E:\\xamp\\htdocs\\wdpf55_codegitore\\Car_Repair_Admin_template\\app\\Views\\customer_list\\customer_table.php')
 3 SYSTEMPATH\View\View.php(231): CodeIgniter\View\View->CodeIgniter\View\{closure}()
 4 SYSTEMPATH\Common.php(1190): CodeIgniter\View\View->render('customer_list/customer_table', [], true)
 5 APPPATH\Controllers\CustomerController.php(21): view('customer_list/customer_table')
 6 SYSTEMPATH\CodeIgniter.php(942): App\Controllers\CustomerController->index()
 7 SYSTEMPATH\CodeIgniter.php(502): CodeIgniter\CodeIgniter->runController(Object(App\Controllers\CustomerController))
 8 SYSTEMPATH\CodeIgniter.php(361): CodeIgniter\CodeIgniter->handleRequest(null, Object(Config\Cache), false)
 9 FCPATH\index.php(79): CodeIgniter\CodeIgniter->run()
10 SYSTEMPATH\Commands\Server\rewrite.php(47): require_once('E:\\xamp\\htdocs\\wdpf55_codegitore\\Car_Repair_Admin_template\\public\\index.php')
CRITICAL - 2023-12-21 12:51:47 --> Undefined variable: customers
in APPPATH\Views\customer_list\customer_table.php on line 183.
 1 APPPATH\Views\customer_list\customer_table.php(183): CodeIgniter\Debug\Exceptions->errorHandler(8, 'Undefined variable: customers', 'E:\\xamp\\htdocs\\wdpf55_codegitore\\Car_Repair_Admin_template\\app\\Views\\customer_list\\customer_table.php', 183, [...])
 2 SYSTEMPATH\View\View.php(228): include('E:\\xamp\\htdocs\\wdpf55_codegitore\\Car_Repair_Admin_template\\app\\Views\\customer_list\\customer_table.php')
 3 SYSTEMPATH\View\View.php(231): CodeIgniter\View\View->CodeIgniter\View\{closure}()
 4 SYSTEMPATH\Common.php(1190): CodeIgniter\View\View->render('customer_list/customer_table', [], true)
 5 APPPATH\Controllers\CustomerController.php(21): view('customer_list/customer_table')
 6 SYSTEMPATH\CodeIgniter.php(942): App\Controllers\CustomerController->index()
 7 SYSTEMPATH\CodeIgniter.php(502): CodeIgniter\CodeIgniter->runController(Object(App\Controllers\CustomerController))
 8 SYSTEMPATH\CodeIgniter.php(361): CodeIgniter\CodeIgniter->handleRequest(null, Object(Config\Cache), false)
 9 FCPATH\index.php(79): CodeIgniter\CodeIgniter->run()
10 SYSTEMPATH\Commands\Server\rewrite.php(47): require_once('E:\\xamp\\htdocs\\wdpf55_codegitore\\Car_Repair_Admin_template\\public\\index.php')
CRITICAL - 2023-12-21 12:51:47 --> Undefined variable: customers
in APPPATH\Views\customer_list\customer_table.php on line 183.
 1 APPPATH\Views\customer_list\customer_table.php(183): CodeIgniter\Debug\Exceptions->errorHandler(8, 'Undefined variable: customers', 'E:\\xamp\\htdocs\\wdpf55_codegitore\\Car_Repair_Admin_template\\app\\Views\\customer_list\\customer_table.php', 183, [...])
 2 SYSTEMPATH\View\View.php(228): include('E:\\xamp\\htdocs\\wdpf55_codegitore\\Car_Repair_Admin_template\\app\\Views\\customer_list\\customer_table.php')
 3 SYSTEMPATH\View\View.php(231): CodeIgniter\View\View->CodeIgniter\View\{closure}()
 4 SYSTEMPATH\Common.php(1190): CodeIgniter\View\View->render('customer_list/customer_table', [], true)
 5 APPPATH\Controllers\CustomerController.php(21): view('customer_list/customer_table')
 6 SYSTEMPATH\CodeIgniter.php(942): App\Controllers\CustomerController->index()
 7 SYSTEMPATH\CodeIgniter.php(502): CodeIgniter\CodeIgniter->runController(Object(App\Controllers\CustomerController))
 8 SYSTEMPATH\CodeIgniter.php(361): CodeIgniter\CodeIgniter->handleRequest(null, Object(Config\Cache), false)
 9 FCPATH\index.php(79): CodeIgniter\CodeIgniter->run()
10 SYSTEMPATH\Commands\Server\rewrite.php(47): require_once('E:\\xamp\\htdocs\\wdpf55_codegitore\\Car_Repair_Admin_template\\public\\index.php')
CRITICAL - 2023-12-21 12:54:25 --> Undefined variable: customers
in APPPATH\Views\customer_list\customer_table.php on line 183.
 1 APPPATH\Views\customer_list\customer_table.php(183): CodeIgniter\Debug\Exceptions->errorHandler(8, 'Undefined variable: customers', 'E:\\xamp\\htdocs\\wdpf55_codegitore\\Car_Repair_Admin_template\\app\\Views\\customer_list\\customer_table.php', 183, [...])
 2 SYSTEMPATH\View\View.php(228): include('E:\\xamp\\htdocs\\wdpf55_codegitore\\Car_Repair_Admin_template\\app\\Views\\customer_list\\customer_table.php')
 3 SYSTEMPATH\View\View.php(231): CodeIgniter\View\View->CodeIgniter\View\{closure}()
 4 SYSTEMPATH\Common.php(1190): CodeIgniter\View\View->render('customer_list/customer_table', [], true)
 5 APPPATH\Controllers\CustomerController.php(21): view('customer_list/customer_table')
 6 SYSTEMPATH\CodeIgniter.php(942): App\Controllers\CustomerController->index()
 7 SYSTEMPATH\CodeIgniter.php(502): CodeIgniter\CodeIgniter->runController(Object(App\Controllers\CustomerController))
 8 SYSTEMPATH\CodeIgniter.php(361): CodeIgniter\CodeIgniter->handleRequest(null, Object(Config\Cache), false)
 9 FCPATH\index.php(79): CodeIgniter\CodeIgniter->run()
10 SYSTEMPATH\Commands\Server\rewrite.php(47): require_once('E:\\xamp\\htdocs\\wdpf55_codegitore\\Car_Repair_Admin_template\\public\\index.php')
CRITICAL - 2023-12-21 12:54:27 --> Undefined variable: customers
in APPPATH\Views\customer_list\customer_table.php on line 183.
 1 APPPATH\Views\customer_list\customer_table.php(183): CodeIgniter\Debug\Exceptions->errorHandler(8, 'Undefined variable: customers', 'E:\\xamp\\htdocs\\wdpf55_codegitore\\Car_Repair_Admin_template\\app\\Views\\customer_list\\customer_table.php', 183, [...])
 2 SYSTEMPATH\View\View.php(228): include('E:\\xamp\\htdocs\\wdpf55_codegitore\\Car_Repair_Admin_template\\app\\Views\\customer_list\\customer_table.php')
 3 SYSTEMPATH\View\View.php(231): CodeIgniter\View\View->CodeIgniter\View\{closure}()
 4 SYSTEMPATH\Common.php(1190): CodeIgniter\View\View->render('customer_list/customer_table', [], true)
 5 APPPATH\Controllers\CustomerController.php(21): view('customer_list/customer_table')
 6 SYSTEMPATH\CodeIgniter.php(942): App\Controllers\CustomerController->index()
 7 SYSTEMPATH\CodeIgniter.php(502): CodeIgniter\CodeIgniter->runController(Object(App\Controllers\CustomerController))
 8 SYSTEMPATH\CodeIgniter.php(361): CodeIgniter\CodeIgniter->handleRequest(null, Object(Config\Cache), false)
 9 FCPATH\index.php(79): CodeIgniter\CodeIgniter->run()
10 SYSTEMPATH\Commands\Server\rewrite.php(47): require_once('E:\\xamp\\htdocs\\wdpf55_codegitore\\Car_Repair_Admin_template\\public\\index.php')
CRITICAL - 2023-12-21 12:54:28 --> Undefined variable: customers
in APPPATH\Views\customer_list\customer_table.php on line 183.
 1 APPPATH\Views\customer_list\customer_table.php(183): CodeIgniter\Debug\Exceptions->errorHandler(8, 'Undefined variable: customers', 'E:\\xamp\\htdocs\\wdpf55_codegitore\\Car_Repair_Admin_template\\app\\Views\\customer_list\\customer_table.php', 183, [...])
 2 SYSTEMPATH\View\View.php(228): include('E:\\xamp\\htdocs\\wdpf55_codegitore\\Car_Repair_Admin_template\\app\\Views\\customer_list\\customer_table.php')
 3 SYSTEMPATH\View\View.php(231): CodeIgniter\View\View->CodeIgniter\View\{closure}()
 4 SYSTEMPATH\Common.php(1190): CodeIgniter\View\View->render('customer_list/customer_table', [], true)
 5 APPPATH\Controllers\CustomerController.php(21): view('customer_list/customer_table')
 6 SYSTEMPATH\CodeIgniter.php(942): App\Controllers\CustomerController->index()
 7 SYSTEMPATH\CodeIgniter.php(502): CodeIgniter\CodeIgniter->runController(Object(App\Controllers\CustomerController))
 8 SYSTEMPATH\CodeIgniter.php(361): CodeIgniter\CodeIgniter->handleRequest(null, Object(Config\Cache), false)
 9 FCPATH\index.php(79): CodeIgniter\CodeIgniter->run()
10 SYSTEMPATH\Commands\Server\rewrite.php(47): require_once('E:\\xamp\\htdocs\\wdpf55_codegitore\\Car_Repair_Admin_template\\public\\index.php')
CRITICAL - 2023-12-21 12:54:28 --> Undefined variable: customers
in APPPATH\Views\customer_list\customer_table.php on line 183.
 1 APPPATH\Views\customer_list\customer_table.php(183): CodeIgniter\Debug\Exceptions->errorHandler(8, 'Undefined variable: customers', 'E:\\xamp\\htdocs\\wdpf55_codegitore\\Car_Repair_Admin_template\\app\\Views\\customer_list\\customer_table.php', 183, [...])
 2 SYSTEMPATH\View\View.php(228): include('E:\\xamp\\htdocs\\wdpf55_codegitore\\Car_Repair_Admin_template\\app\\Views\\customer_list\\customer_table.php')
 3 SYSTEMPATH\View\View.php(231): CodeIgniter\View\View->CodeIgniter\View\{closure}()
 4 SYSTEMPATH\Common.php(1190): CodeIgniter\View\View->render('customer_list/customer_table', [], true)
 5 APPPATH\Controllers\CustomerController.php(21): view('customer_list/customer_table')
 6 SYSTEMPATH\CodeIgniter.php(942): App\Controllers\CustomerController->index()
 7 SYSTEMPATH\CodeIgniter.php(502): CodeIgniter\CodeIgniter->runController(Object(App\Controllers\CustomerController))
 8 SYSTEMPATH\CodeIgniter.php(361): CodeIgniter\CodeIgniter->handleRequest(null, Object(Config\Cache), false)
 9 FCPATH\index.php(79): CodeIgniter\CodeIgniter->run()
10 SYSTEMPATH\Commands\Server\rewrite.php(47): require_once('E:\\xamp\\htdocs\\wdpf55_codegitore\\Car_Repair_Admin_template\\public\\index.php')
CRITICAL - 2023-12-21 12:54:32 --> Undefined variable: customers
in APPPATH\Views\customer_list\customer_table.php on line 183.
 1 APPPATH\Views\customer_list\customer_table.php(183): CodeIgniter\Debug\Exceptions->errorHandler(8, 'Undefined variable: customers', 'E:\\xamp\\htdocs\\wdpf55_codegitore\\Car_Repair_Admin_template\\app\\Views\\customer_list\\customer_table.php', 183, [...])
 2 SYSTEMPATH\View\View.php(228): include('E:\\xamp\\htdocs\\wdpf55_codegitore\\Car_Repair_Admin_template\\app\\Views\\customer_list\\customer_table.php')
 3 SYSTEMPATH\View\View.php(231): CodeIgniter\View\View->CodeIgniter\View\{closure}()
 4 SYSTEMPATH\Common.php(1190): CodeIgniter\View\View->render('customer_list/customer_table', [], true)
 5 APPPATH\Controllers\CustomerController.php(21): view('customer_list/customer_table')
 6 SYSTEMPATH\CodeIgniter.php(942): App\Controllers\CustomerController->index()
 7 SYSTEMPATH\CodeIgniter.php(502): CodeIgniter\CodeIgniter->runController(Object(App\Controllers\CustomerController))
 8 SYSTEMPATH\CodeIgniter.php(361): CodeIgniter\CodeIgniter->handleRequest(null, Object(Config\Cache), false)
 9 FCPATH\index.php(79): CodeIgniter\CodeIgniter->run()
10 SYSTEMPATH\Commands\Server\rewrite.php(47): require_once('E:\\xamp\\htdocs\\wdpf55_codegitore\\Car_Repair_Admin_template\\public\\index.php')
CRITICAL - 2023-12-21 12:54:33 --> Undefined variable: customers
in APPPATH\Views\customer_list\customer_table.php on line 183.
 1 APPPATH\Views\customer_list\customer_table.php(183): CodeIgniter\Debug\Exceptions->errorHandler(8, 'Undefined variable: customers', 'E:\\xamp\\htdocs\\wdpf55_codegitore\\Car_Repair_Admin_template\\app\\Views\\customer_list\\customer_table.php', 183, [...])
 2 SYSTEMPATH\View\View.php(228): include('E:\\xamp\\htdocs\\wdpf55_codegitore\\Car_Repair_Admin_template\\app\\Views\\customer_list\\customer_table.php')
 3 SYSTEMPATH\View\View.php(231): CodeIgniter\View\View->CodeIgniter\View\{closure}()
 4 SYSTEMPATH\Common.php(1190): CodeIgniter\View\View->render('customer_list/customer_table', [], true)
 5 APPPATH\Controllers\CustomerController.php(21): view('customer_list/customer_table')
 6 SYSTEMPATH\CodeIgniter.php(942): App\Controllers\CustomerController->index()
 7 SYSTEMPATH\CodeIgniter.php(502): CodeIgniter\CodeIgniter->runController(Object(App\Controllers\CustomerController))
 8 SYSTEMPATH\CodeIgniter.php(361): CodeIgniter\CodeIgniter->handleRequest(null, Object(Config\Cache), false)
 9 FCPATH\index.php(79): CodeIgniter\CodeIgniter->run()
10 SYSTEMPATH\Commands\Server\rewrite.php(47): require_once('E:\\xamp\\htdocs\\wdpf55_codegitore\\Car_Repair_Admin_template\\public\\index.php')
INFO - 2023-12-21 12:54:36 --> Session: Class initialized using 'CodeIgniter\Session\Handlers\FileHandler' driver.
INFO - 2023-12-21 12:54:39 --> Session: Class initialized using 'CodeIgniter\Session\Handlers\FileHandler' driver.
INFO - 2023-12-21 12:55:01 --> Session: Class initialized using 'CodeIgniter\Session\Handlers\FileHandler' driver.
CRITICAL - 2023-12-21 12:55:01 --> Undefined variable: customers
in APPPATH\Views\customer_list\customer_table.php on line 183.
 1 APPPATH\Views\customer_list\customer_table.php(183): CodeIgniter\Debug\Exceptions->errorHandler(8, 'Undefined variable: customers', 'E:\\xamp\\htdocs\\wdpf55_codegitore\\Car_Repair_Admin_template\\app\\Views\\customer_list\\customer_table.php', 183, [...])
 2 SYSTEMPATH\View\View.php(228): include('E:\\xamp\\htdocs\\wdpf55_codegitore\\Car_Repair_Admin_template\\app\\Views\\customer_list\\customer_table.php')
 3 SYSTEMPATH\View\View.php(231): CodeIgniter\View\View->CodeIgniter\View\{closure}()
 4 SYSTEMPATH\Common.php(1190): CodeIgniter\View\View->render('customer_list/customer_table', [], true)
 5 APPPATH\Controllers\CustomerController.php(21): view('customer_list/customer_table')
 6 SYSTEMPATH\CodeIgniter.php(942): App\Controllers\CustomerController->index()
 7 SYSTEMPATH\CodeIgniter.php(502): CodeIgniter\CodeIgniter->runController(Object(App\Controllers\CustomerController))
 8 SYSTEMPATH\CodeIgniter.php(361): CodeIgniter\CodeIgniter->handleRequest(null, Object(Config\Cache), false)
 9 FCPATH\index.php(79): CodeIgniter\CodeIgniter->run()
10 SYSTEMPATH\Commands\Server\rewrite.php(47): require_once('E:\\xamp\\htdocs\\wdpf55_codegitore\\Car_Repair_Admin_template\\public\\index.php')
CRITICAL - 2023-12-21 12:56:07 --> Undefined variable: customers
in APPPATH\Views\customer_list\customer_table.php on line 183.
 1 APPPATH\Views\customer_list\customer_table.php(183): CodeIgniter\Debug\Exceptions->errorHandler(8, 'Undefined variable: customers', 'E:\\xamp\\htdocs\\wdpf55_codegitore\\Car_Repair_Admin_template\\app\\Views\\customer_list\\customer_table.php', 183, [...])
 2 SYSTEMPATH\View\View.php(228): include('E:\\xamp\\htdocs\\wdpf55_codegitore\\Car_Repair_Admin_template\\app\\Views\\customer_list\\customer_table.php')
 3 SYSTEMPATH\View\View.php(231): CodeIgniter\View\View->CodeIgniter\View\{closure}()
 4 SYSTEMPATH\Common.php(1190): CodeIgniter\View\View->render('customer_list/customer_table', [], true)
 5 APPPATH\Controllers\CustomerController.php(22): view('customer_list/customer_table')
 6 SYSTEMPATH\CodeIgniter.php(942): App\Controllers\CustomerController->index()
 7 SYSTEMPATH\CodeIgniter.php(502): CodeIgniter\CodeIgniter->runController(Object(App\Controllers\CustomerController))
 8 SYSTEMPATH\CodeIgniter.php(361): CodeIgniter\CodeIgniter->handleRequest(null, Object(Config\Cache), false)
 9 FCPATH\index.php(79): CodeIgniter\CodeIgniter->run()
10 SYSTEMPATH\Commands\Server\rewrite.php(47): require_once('E:\\xamp\\htdocs\\wdpf55_codegitore\\Car_Repair_Admin_template\\public\\index.php')
CRITICAL - 2023-12-21 12:56:08 --> Undefined variable: customers
in APPPATH\Views\customer_list\customer_table.php on line 183.
 1 APPPATH\Views\customer_list\customer_table.php(183): CodeIgniter\Debug\Exceptions->errorHandler(8, 'Undefined variable: customers', 'E:\\xamp\\htdocs\\wdpf55_codegitore\\Car_Repair_Admin_template\\app\\Views\\customer_list\\customer_table.php', 183, [...])
 2 SYSTEMPATH\View\View.php(228): include('E:\\xamp\\htdocs\\wdpf55_codegitore\\Car_Repair_Admin_template\\app\\Views\\customer_list\\customer_table.php')
 3 SYSTEMPATH\View\View.php(231): CodeIgniter\View\View->CodeIgniter\View\{closure}()
 4 SYSTEMPATH\Common.php(1190): CodeIgniter\View\View->render('customer_list/customer_table', [], true)
 5 APPPATH\Controllers\CustomerController.php(22): view('customer_list/customer_table')
 6 SYSTEMPATH\CodeIgniter.php(942): App\Controllers\CustomerController->index()
 7 SYSTEMPATH\CodeIgniter.php(502): CodeIgniter\CodeIgniter->runController(Object(App\Controllers\CustomerController))
 8 SYSTEMPATH\CodeIgniter.php(361): CodeIgniter\CodeIgniter->handleRequest(null, Object(Config\Cache), false)
 9 FCPATH\index.php(79): CodeIgniter\CodeIgniter->run()
10 SYSTEMPATH\Commands\Server\rewrite.php(47): require_once('E:\\xamp\\htdocs\\wdpf55_codegitore\\Car_Repair_Admin_template\\public\\index.php')
CRITICAL - 2023-12-21 12:56:09 --> Undefined variable: customers
in APPPATH\Views\customer_list\customer_table.php on line 183.
 1 APPPATH\Views\customer_list\customer_table.php(183): CodeIgniter\Debug\Exceptions->errorHandler(8, 'Undefined variable: customers', 'E:\\xamp\\htdocs\\wdpf55_codegitore\\Car_Repair_Admin_template\\app\\Views\\customer_list\\customer_table.php', 183, [...])
 2 SYSTEMPATH\View\View.php(228): include('E:\\xamp\\htdocs\\wdpf55_codegitore\\Car_Repair_Admin_template\\app\\Views\\customer_list\\customer_table.php')
 3 SYSTEMPATH\View\View.php(231): CodeIgniter\View\View->CodeIgniter\View\{closure}()
 4 SYSTEMPATH\Common.php(1190): CodeIgniter\View\View->render('customer_list/customer_table', [], true)
 5 APPPATH\Controllers\CustomerController.php(22): view('customer_list/customer_table')
 6 SYSTEMPATH\CodeIgniter.php(942): App\Controllers\CustomerController->index()
 7 SYSTEMPATH\CodeIgniter.php(502): CodeIgniter\CodeIgniter->runController(Object(App\Controllers\CustomerController))
 8 SYSTEMPATH\CodeIgniter.php(361): CodeIgniter\CodeIgniter->handleRequest(null, Object(Config\Cache), false)
 9 FCPATH\index.php(79): CodeIgniter\CodeIgniter->run()
10 SYSTEMPATH\Commands\Server\rewrite.php(47): require_once('E:\\xamp\\htdocs\\wdpf55_codegitore\\Car_Repair_Admin_template\\public\\index.php')
CRITICAL - 2023-12-21 12:56:09 --> Undefined variable: customers
in APPPATH\Views\customer_list\customer_table.php on line 183.
 1 APPPATH\Views\customer_list\customer_table.php(183): CodeIgniter\Debug\Exceptions->errorHandler(8, 'Undefined variable: customers', 'E:\\xamp\\htdocs\\wdpf55_codegitore\\Car_Repair_Admin_template\\app\\Views\\customer_list\\customer_table.php', 183, [...])
 2 SYSTEMPATH\View\View.php(228): include('E:\\xamp\\htdocs\\wdpf55_codegitore\\Car_Repair_Admin_template\\app\\Views\\customer_list\\customer_table.php')
 3 SYSTEMPATH\View\View.php(231): CodeIgniter\View\View->CodeIgniter\View\{closure}()
 4 SYSTEMPATH\Common.php(1190): CodeIgniter\View\View->render('customer_list/customer_table', [], true)
 5 APPPATH\Controllers\CustomerController.php(22): view('customer_list/customer_table')
 6 SYSTEMPATH\CodeIgniter.php(942): App\Controllers\CustomerController->index()
 7 SYSTEMPATH\CodeIgniter.php(502): CodeIgniter\CodeIgniter->runController(Object(App\Controllers\CustomerController))
 8 SYSTEMPATH\CodeIgniter.php(361): CodeIgniter\CodeIgniter->handleRequest(null, Object(Config\Cache), false)
 9 FCPATH\index.php(79): CodeIgniter\CodeIgniter->run()
10 SYSTEMPATH\Commands\Server\rewrite.php(47): require_once('E:\\xamp\\htdocs\\wdpf55_codegitore\\Car_Repair_Admin_template\\public\\index.php')
CRITICAL - 2023-12-21 12:56:09 --> Undefined variable: customers
in APPPATH\Views\customer_list\customer_table.php on line 183.
 1 APPPATH\Views\customer_list\customer_table.php(183): CodeIgniter\Debug\Exceptions->errorHandler(8, 'Undefined variable: customers', 'E:\\xamp\\htdocs\\wdpf55_codegitore\\Car_Repair_Admin_template\\app\\Views\\customer_list\\customer_table.php', 183, [...])
 2 SYSTEMPATH\View\View.php(228): include('E:\\xamp\\htdocs\\wdpf55_codegitore\\Car_Repair_Admin_template\\app\\Views\\customer_list\\customer_table.php')
 3 SYSTEMPATH\View\View.php(231): CodeIgniter\View\View->CodeIgniter\View\{closure}()
 4 SYSTEMPATH\Common.php(1190): CodeIgniter\View\View->render('customer_list/customer_table', [], true)
 5 APPPATH\Controllers\CustomerController.php(22): view('customer_list/customer_table')
 6 SYSTEMPATH\CodeIgniter.php(942): App\Controllers\CustomerController->index()
 7 SYSTEMPATH\CodeIgniter.php(502): CodeIgniter\CodeIgniter->runController(Object(App\Controllers\CustomerController))
 8 SYSTEMPATH\CodeIgniter.php(361): CodeIgniter\CodeIgniter->handleRequest(null, Object(Config\Cache), false)
 9 FCPATH\index.php(79): CodeIgniter\CodeIgniter->run()
10 SYSTEMPATH\Commands\Server\rewrite.php(47): require_once('E:\\xamp\\htdocs\\wdpf55_codegitore\\Car_Repair_Admin_template\\public\\index.php')
CRITICAL - 2023-12-21 12:58:26 --> Undefined variable: customers
in APPPATH\Views\customer_list\customer_table.php on line 183.
 1 APPPATH\Views\customer_list\customer_table.php(183): CodeIgniter\Debug\Exceptions->errorHandler(8, 'Undefined variable: customers', 'E:\\xamp\\htdocs\\wdpf55_codegitore\\Car_Repair_Admin_template\\app\\Views\\customer_list\\customer_table.php', 183, [...])
 2 SYSTEMPATH\View\View.php(228): include('E:\\xamp\\htdocs\\wdpf55_codegitore\\Car_Repair_Admin_template\\app\\Views\\customer_list\\customer_table.php')
 3 SYSTEMPATH\View\View.php(231): CodeIgniter\View\View->CodeIgniter\View\{closure}()
 4 SYSTEMPATH\Common.php(1190): CodeIgniter\View\View->render('customer_list/customer_table', [], true)
 5 APPPATH\Controllers\CustomerController.php(22): view('customer_list/customer_table')
 6 SYSTEMPATH\CodeIgniter.php(942): App\Controllers\CustomerController->index()
 7 SYSTEMPATH\CodeIgniter.php(502): CodeIgniter\CodeIgniter->runController(Object(App\Controllers\CustomerController))
 8 SYSTEMPATH\CodeIgniter.php(361): CodeIgniter\CodeIgniter->handleRequest(null, Object(Config\Cache), false)
 9 FCPATH\index.php(79): CodeIgniter\CodeIgniter->run()
10 SYSTEMPATH\Commands\Server\rewrite.php(47): require_once('E:\\xamp\\htdocs\\wdpf55_codegitore\\Car_Repair_Admin_template\\public\\index.php')
CRITICAL - 2023-12-21 13:01:28 --> Undefined variable: coustomer
in APPPATH\Views\customer_list\customer_table.php on line 186.
 1 APPPATH\Views\customer_list\customer_table.php(186): CodeIgniter\Debug\Exceptions->errorHandler(8, 'Undefined variable: coustomer', 'E:\\xamp\\htdocs\\wdpf55_codegitore\\Car_Repair_Admin_template\\app\\Views\\customer_list\\customer_table.php', 186, [...])
 2 SYSTEMPATH\View\View.php(228): include('E:\\xamp\\htdocs\\wdpf55_codegitore\\Car_Repair_Admin_template\\app\\Views\\customer_list\\customer_table.php')
 3 SYSTEMPATH\View\View.php(231): CodeIgniter\View\View->CodeIgniter\View\{closure}()
 4 SYSTEMPATH\Common.php(1190): CodeIgniter\View\View->render('customer_list/customer_table', [], true)
 5 APPPATH\Controllers\CustomerController.php(22): view('customer_list/customer_table', [...])
 6 SYSTEMPATH\CodeIgniter.php(942): App\Controllers\CustomerController->index()
 7 SYSTEMPATH\CodeIgniter.php(502): CodeIgniter\CodeIgniter->runController(Object(App\Controllers\CustomerController))
 8 SYSTEMPATH\CodeIgniter.php(361): CodeIgniter\CodeIgniter->handleRequest(null, Object(Config\Cache), false)
 9 FCPATH\index.php(79): CodeIgniter\CodeIgniter->run()
10 SYSTEMPATH\Commands\Server\rewrite.php(47): require_once('E:\\xamp\\htdocs\\wdpf55_codegitore\\Car_Repair_Admin_template\\public\\index.php')
CRITICAL - 2023-12-21 13:01:29 --> Undefined variable: coustomer
in APPPATH\Views\customer_list\customer_table.php on line 186.
 1 APPPATH\Views\customer_list\customer_table.php(186): CodeIgniter\Debug\Exceptions->errorHandler(8, 'Undefined variable: coustomer', 'E:\\xamp\\htdocs\\wdpf55_codegitore\\Car_Repair_Admin_template\\app\\Views\\customer_list\\customer_table.php', 186, [...])
 2 SYSTEMPATH\View\View.php(228): include('E:\\xamp\\htdocs\\wdpf55_codegitore\\Car_Repair_Admin_template\\app\\Views\\customer_list\\customer_table.php')
 3 SYSTEMPATH\View\View.php(231): CodeIgniter\View\View->CodeIgniter\View\{closure}()
 4 SYSTEMPATH\Common.php(1190): CodeIgniter\View\View->render('customer_list/customer_table', [], true)
 5 APPPATH\Controllers\CustomerController.php(22): view('customer_list/customer_table', [...])
 6 SYSTEMPATH\CodeIgniter.php(942): App\Controllers\CustomerController->index()
 7 SYSTEMPATH\CodeIgniter.php(502): CodeIgniter\CodeIgniter->runController(Object(App\Controllers\CustomerController))
 8 SYSTEMPATH\CodeIgniter.php(361): CodeIgniter\CodeIgniter->handleRequest(null, Object(Config\Cache), false)
 9 FCPATH\index.php(79): CodeIgniter\CodeIgniter->run()
10 SYSTEMPATH\Commands\Server\rewrite.php(47): require_once('E:\\xamp\\htdocs\\wdpf55_codegitore\\Car_Repair_Admin_template\\public\\index.php')
INFO - 2023-12-21 13:01:30 --> Session: Class initialized using 'CodeIgniter\Session\Handlers\FileHandler' driver.
INFO - 2023-12-21 13:01:32 --> Session: Class initialized using 'CodeIgniter\Session\Handlers\FileHandler' driver.
INFO - 2023-12-21 13:01:50 --> Session: Class initialized using 'CodeIgniter\Session\Handlers\FileHandler' driver.
CRITICAL - 2023-12-21 13:01:50 --> Undefined variable: coustomer
in APPPATH\Views\customer_list\customer_table.php on line 186.
 1 APPPATH\Views\customer_list\customer_table.php(186): CodeIgniter\Debug\Exceptions->errorHandler(8, 'Undefined variable: coustomer', 'E:\\xamp\\htdocs\\wdpf55_codegitore\\Car_Repair_Admin_template\\app\\Views\\customer_list\\customer_table.php', 186, [...])
 2 SYSTEMPATH\View\View.php(228): include('E:\\xamp\\htdocs\\wdpf55_codegitore\\Car_Repair_Admin_template\\app\\Views\\customer_list\\customer_table.php')
 3 SYSTEMPATH\View\View.php(231): CodeIgniter\View\View->CodeIgniter\View\{closure}()
 4 SYSTEMPATH\Common.php(1190): CodeIgniter\View\View->render('customer_list/customer_table', [], true)
 5 APPPATH\Controllers\CustomerController.php(22): view('customer_list/customer_table', [...])
 6 SYSTEMPATH\CodeIgniter.php(942): App\Controllers\CustomerController->index()
 7 SYSTEMPATH\CodeIgniter.php(502): CodeIgniter\CodeIgniter->runController(Object(App\Controllers\CustomerController))
 8 SYSTEMPATH\CodeIgniter.php(361): CodeIgniter\CodeIgniter->handleRequest(null, Object(Config\Cache), false)
 9 FCPATH\index.php(79): CodeIgniter\CodeIgniter->run()
10 SYSTEMPATH\Commands\Server\rewrite.php(47): require_once('E:\\xamp\\htdocs\\wdpf55_codegitore\\Car_Repair_Admin_template\\public\\index.php')
CRITICAL - 2023-12-21 13:04:15 --> Undefined variable: coustomer
in APPPATH\Views\customer_list\customer_table.php on line 188.
 1 APPPATH\Views\customer_list\customer_table.php(188): CodeIgniter\Debug\Exceptions->errorHandler(8, 'Undefined variable: coustomer', 'E:\\xamp\\htdocs\\wdpf55_codegitore\\Car_Repair_Admin_template\\app\\Views\\customer_list\\customer_table.php', 188, [...])
 2 SYSTEMPATH\View\View.php(228): include('E:\\xamp\\htdocs\\wdpf55_codegitore\\Car_Repair_Admin_template\\app\\Views\\customer_list\\customer_table.php')
 3 SYSTEMPATH\View\View.php(231): CodeIgniter\View\View->CodeIgniter\View\{closure}()
 4 SYSTEMPATH\Common.php(1190): CodeIgniter\View\View->render('customer_list/customer_table', [], true)
 5 APPPATH\Controllers\CustomerController.php(22): view('customer_list/customer_table', [...])
 6 SYSTEMPATH\CodeIgniter.php(942): App\Controllers\CustomerController->index()
 7 SYSTEMPATH\CodeIgniter.php(502): CodeIgniter\CodeIgniter->runController(Object(App\Controllers\CustomerController))
 8 SYSTEMPATH\CodeIgniter.php(361): CodeIgniter\CodeIgniter->handleRequest(null, Object(Config\Cache), false)
 9 FCPATH\index.php(79): CodeIgniter\CodeIgniter->run()
10 SYSTEMPATH\Commands\Server\rewrite.php(47): require_once('E:\\xamp\\htdocs\\wdpf55_codegitore\\Car_Repair_Admin_template\\public\\index.php')
CRITICAL - 2023-12-21 13:04:16 --> Undefined variable: coustomer
in APPPATH\Views\customer_list\customer_table.php on line 188.
 1 APPPATH\Views\customer_list\customer_table.php(188): CodeIgniter\Debug\Exceptions->errorHandler(8, 'Undefined variable: coustomer', 'E:\\xamp\\htdocs\\wdpf55_codegitore\\Car_Repair_Admin_template\\app\\Views\\customer_list\\customer_table.php', 188, [...])
 2 SYSTEMPATH\View\View.php(228): include('E:\\xamp\\htdocs\\wdpf55_codegitore\\Car_Repair_Admin_template\\app\\Views\\customer_list\\customer_table.php')
 3 SYSTEMPATH\View\View.php(231): CodeIgniter\View\View->CodeIgniter\View\{closure}()
 4 SYSTEMPATH\Common.php(1190): CodeIgniter\View\View->render('customer_list/customer_table', [], true)
 5 APPPATH\Controllers\CustomerController.php(22): view('customer_list/customer_table', [...])
 6 SYSTEMPATH\CodeIgniter.php(942): App\Controllers\CustomerController->index()
 7 SYSTEMPATH\CodeIgniter.php(502): CodeIgniter\CodeIgniter->runController(Object(App\Controllers\CustomerController))
 8 SYSTEMPATH\CodeIgniter.php(361): CodeIgniter\CodeIgniter->handleRequest(null, Object(Config\Cache), false)
 9 FCPATH\index.php(79): CodeIgniter\CodeIgniter->run()
10 SYSTEMPATH\Commands\Server\rewrite.php(47): require_once('E:\\xamp\\htdocs\\wdpf55_codegitore\\Car_Repair_Admin_template\\public\\index.php')
CRITICAL - 2023-12-21 13:05:38 --> Undefined index: phone_Number	
in APPPATH\Views\customer_list\customer_table.php on line 190.
 1 APPPATH\Views\customer_list\customer_table.php(190): CodeIgniter\Debug\Exceptions->errorHandler(8, 'Undefined index: phone_Number	', 'E:\\xamp\\htdocs\\wdpf55_codegitore\\Car_Repair_Admin_template\\app\\Views\\customer_list\\customer_table.php', 190, [...])
 2 SYSTEMPATH\View\View.php(228): include('E:\\xamp\\htdocs\\wdpf55_codegitore\\Car_Repair_Admin_template\\app\\Views\\customer_list\\customer_table.php')
 3 SYSTEMPATH\View\View.php(231): CodeIgniter\View\View->CodeIgniter\View\{closure}()
 4 SYSTEMPATH\Common.php(1190): CodeIgniter\View\View->render('customer_list/customer_table', [], true)
 5 APPPATH\Controllers\CustomerController.php(22): view('customer_list/customer_table', [...])
 6 SYSTEMPATH\CodeIgniter.php(942): App\Controllers\CustomerController->index()
 7 SYSTEMPATH\CodeIgniter.php(502): CodeIgniter\CodeIgniter->runController(Object(App\Controllers\CustomerController))
 8 SYSTEMPATH\CodeIgniter.php(361): CodeIgniter\CodeIgniter->handleRequest(null, Object(Config\Cache), false)
 9 FCPATH\index.php(79): CodeIgniter\CodeIgniter->run()
10 SYSTEMPATH\Commands\Server\rewrite.php(47): require_once('E:\\xamp\\htdocs\\wdpf55_codegitore\\Car_Repair_Admin_template\\public\\index.php')
CRITICAL - 2023-12-21 13:05:39 --> Undefined index: phone_Number	
in APPPATH\Views\customer_list\customer_table.php on line 190.
 1 APPPATH\Views\customer_list\customer_table.php(190): CodeIgniter\Debug\Exceptions->errorHandler(8, 'Undefined index: phone_Number	', 'E:\\xamp\\htdocs\\wdpf55_codegitore\\Car_Repair_Admin_template\\app\\Views\\customer_list\\customer_table.php', 190, [...])
 2 SYSTEMPATH\View\View.php(228): include('E:\\xamp\\htdocs\\wdpf55_codegitore\\Car_Repair_Admin_template\\app\\Views\\customer_list\\customer_table.php')
 3 SYSTEMPATH\View\View.php(231): CodeIgniter\View\View->CodeIgniter\View\{closure}()
 4 SYSTEMPATH\Common.php(1190): CodeIgniter\View\View->render('customer_list/customer_table', [], true)
 5 APPPATH\Controllers\CustomerController.php(22): view('customer_list/customer_table', [...])
 6 SYSTEMPATH\CodeIgniter.php(942): App\Controllers\CustomerController->index()
 7 SYSTEMPATH\CodeIgniter.php(502): CodeIgniter\CodeIgniter->runController(Object(App\Controllers\CustomerController))
 8 SYSTEMPATH\CodeIgniter.php(361): CodeIgniter\CodeIgniter->handleRequest(null, Object(Config\Cache), false)
 9 FCPATH\index.php(79): CodeIgniter\CodeIgniter->run()
10 SYSTEMPATH\Commands\Server\rewrite.php(47): require_once('E:\\xamp\\htdocs\\wdpf55_codegitore\\Car_Repair_Admin_template\\public\\index.php')
CRITICAL - 2023-12-21 13:05:40 --> Undefined index: phone_Number	
in APPPATH\Views\customer_list\customer_table.php on line 190.
 1 APPPATH\Views\customer_list\customer_table.php(190): CodeIgniter\Debug\Exceptions->errorHandler(8, 'Undefined index: phone_Number	', 'E:\\xamp\\htdocs\\wdpf55_codegitore\\Car_Repair_Admin_template\\app\\Views\\customer_list\\customer_table.php', 190, [...])
 2 SYSTEMPATH\View\View.php(228): include('E:\\xamp\\htdocs\\wdpf55_codegitore\\Car_Repair_Admin_template\\app\\Views\\customer_list\\customer_table.php')
 3 SYSTEMPATH\View\View.php(231): CodeIgniter\View\View->CodeIgniter\View\{closure}()
 4 SYSTEMPATH\Common.php(1190): CodeIgniter\View\View->render('customer_list/customer_table', [], true)
 5 APPPATH\Controllers\CustomerController.php(22): view('customer_list/customer_table', [...])
 6 SYSTEMPATH\CodeIgniter.php(942): App\Controllers\CustomerController->index()
 7 SYSTEMPATH\CodeIgniter.php(502): CodeIgniter\CodeIgniter->runController(Object(App\Controllers\CustomerController))
 8 SYSTEMPATH\CodeIgniter.php(361): CodeIgniter\CodeIgniter->handleRequest(null, Object(Config\Cache), false)
 9 FCPATH\index.php(79): CodeIgniter\CodeIgniter->run()
10 SYSTEMPATH\Commands\Server\rewrite.php(47): require_once('E:\\xamp\\htdocs\\wdpf55_codegitore\\Car_Repair_Admin_template\\public\\index.php')
CRITICAL - 2023-12-21 13:05:40 --> Undefined index: phone_Number	
in APPPATH\Views\customer_list\customer_table.php on line 190.
 1 APPPATH\Views\customer_list\customer_table.php(190): CodeIgniter\Debug\Exceptions->errorHandler(8, 'Undefined index: phone_Number	', 'E:\\xamp\\htdocs\\wdpf55_codegitore\\Car_Repair_Admin_template\\app\\Views\\customer_list\\customer_table.php', 190, [...])
 2 SYSTEMPATH\View\View.php(228): include('E:\\xamp\\htdocs\\wdpf55_codegitore\\Car_Repair_Admin_template\\app\\Views\\customer_list\\customer_table.php')
 3 SYSTEMPATH\View\View.php(231): CodeIgniter\View\View->CodeIgniter\View\{closure}()
 4 SYSTEMPATH\Common.php(1190): CodeIgniter\View\View->render('customer_list/customer_table', [], true)
 5 APPPATH\Controllers\CustomerController.php(22): view('customer_list/customer_table', [...])
 6 SYSTEMPATH\CodeIgniter.php(942): App\Controllers\CustomerController->index()
 7 SYSTEMPATH\CodeIgniter.php(502): CodeIgniter\CodeIgniter->runController(Object(App\Controllers\CustomerController))
 8 SYSTEMPATH\CodeIgniter.php(361): CodeIgniter\CodeIgniter->handleRequest(null, Object(Config\Cache), false)
 9 FCPATH\index.php(79): CodeIgniter\CodeIgniter->run()
10 SYSTEMPATH\Commands\Server\rewrite.php(47): require_once('E:\\xamp\\htdocs\\wdpf55_codegitore\\Car_Repair_Admin_template\\public\\index.php')
