CRITICAL - 2023-12-05 13:02:33 --> Invalid file: "includes.php"
in SYSTEMPATH\Exceptions\FrameworkException.php on line 39.
 1 SYSTEMPATH\View\View.php(216): CodeIgniter\Exceptions\FrameworkException::forInvalidFile('includes.php')
 2 SYSTEMPATH\View\View.php(469): CodeIgniter\View\View->render('includes', null, true)
 3 APPPATH\Views\dashboard.php(393): CodeIgniter\View\View->include('includes')
 4 SYSTEMPATH\View\View.php(228): include('E:\\xamp\\htdocs\\wdpf55_codegitore\\Car_Repair_Admin_template\\app\\Views\\dashboard.php')
 5 SYSTEMPATH\View\View.php(231): CodeIgniter\View\View->CodeIgniter\View\{closure}()
 6 SYSTEMPATH\Common.php(1190): CodeIgniter\View\View->render('dashboard', [], true)
 7 APPPATH\Controllers\Home.php(9): view('dashboard')
 8 SYSTEMPATH\CodeIgniter.php(942): App\Controllers\Home->index()
 9 SYSTEMPATH\CodeIgniter.php(502): CodeIgniter\CodeIgniter->runController(Object(App\Controllers\Home))
10 SYSTEMPATH\CodeIgniter.php(361): CodeIgniter\CodeIgniter->handleRequest(null, Object(Config\Cache), false)
11 FCPATH\index.php(79): CodeIgniter\CodeIgniter->run()
12 SYSTEMPATH\Commands\Server\rewrite.php(47): require_once('E:\\xamp\\htdocs\\wdpf55_codegitore\\Car_Repair_Admin_template\\public\\index.php')
CRITICAL - 2023-12-05 13:03:20 --> Invalid file: "includes.php"
in SYSTEMPATH\Exceptions\FrameworkException.php on line 39.
 1 SYSTEMPATH\View\View.php(216): CodeIgniter\Exceptions\FrameworkException::forInvalidFile('includes.php')
 2 SYSTEMPATH\View\View.php(469): CodeIgniter\View\View->render('includes', null, true)
 3 APPPATH\Views\dashboard.php(393): CodeIgniter\View\View->include('includes')
 4 SYSTEMPATH\View\View.php(228): include('E:\\xamp\\htdocs\\wdpf55_codegitore\\Car_Repair_Admin_template\\app\\Views\\dashboard.php')
 5 SYSTEMPATH\View\View.php(231): CodeIgniter\View\View->CodeIgniter\View\{closure}()
 6 SYSTEMPATH\Common.php(1190): CodeIgniter\View\View->render('dashboard', [], true)
 7 APPPATH\Controllers\Home.php(9): view('dashboard')
 8 SYSTEMPATH\CodeIgniter.php(942): App\Controllers\Home->index()
 9 SYSTEMPATH\CodeIgniter.php(502): CodeIgniter\CodeIgniter->runController(Object(App\Controllers\Home))
10 SYSTEMPATH\CodeIgniter.php(361): CodeIgniter\CodeIgniter->handleRequest(null, Object(Config\Cache), false)
11 FCPATH\index.php(79): CodeIgniter\CodeIgniter->run()
12 SYSTEMPATH\Commands\Server\rewrite.php(47): require_once('E:\\xamp\\htdocs\\wdpf55_codegitore\\Car_Repair_Admin_template\\public\\index.php')
CRITICAL - 2023-12-05 13:03:42 --> Invalid file: "includes.php"
in SYSTEMPATH\Exceptions\FrameworkException.php on line 39.
 1 SYSTEMPATH\View\View.php(216): CodeIgniter\Exceptions\FrameworkException::forInvalidFile('includes.php')
 2 SYSTEMPATH\View\View.php(469): CodeIgniter\View\View->render('includes', null, true)
 3 APPPATH\Views\dashboard.php(393): CodeIgniter\View\View->include('includes')
 4 SYSTEMPATH\View\View.php(228): include('E:\\xamp\\htdocs\\wdpf55_codegitore\\Car_Repair_Admin_template\\app\\Views\\dashboard.php')
 5 SYSTEMPATH\View\View.php(231): CodeIgniter\View\View->CodeIgniter\View\{closure}()
 6 SYSTEMPATH\Common.php(1190): CodeIgniter\View\View->render('dashboard', [], true)
 7 APPPATH\Controllers\Home.php(9): view('dashboard')
 8 SYSTEMPATH\CodeIgniter.php(942): App\Controllers\Home->index()
 9 SYSTEMPATH\CodeIgniter.php(502): CodeIgniter\CodeIgniter->runController(Object(App\Controllers\Home))
10 SYSTEMPATH\CodeIgniter.php(361): CodeIgniter\CodeIgniter->handleRequest(null, Object(Config\Cache), false)
11 FCPATH\index.php(79): CodeIgniter\CodeIgniter->run()
12 SYSTEMPATH\Commands\Server\rewrite.php(47): require_once('E:\\xamp\\htdocs\\wdpf55_codegitore\\Car_Repair_Admin_template\\public\\index.php')
CRITICAL - 2023-12-05 13:03:42 --> Invalid file: "includes.php"
in SYSTEMPATH\Exceptions\FrameworkException.php on line 39.
 1 SYSTEMPATH\View\View.php(216): CodeIgniter\Exceptions\FrameworkException::forInvalidFile('includes.php')
 2 SYSTEMPATH\View\View.php(469): CodeIgniter\View\View->render('includes', null, true)
 3 APPPATH\Views\dashboard.php(393): CodeIgniter\View\View->include('includes')
 4 SYSTEMPATH\View\View.php(228): include('E:\\xamp\\htdocs\\wdpf55_codegitore\\Car_Repair_Admin_template\\app\\Views\\dashboard.php')
 5 SYSTEMPATH\View\View.php(231): CodeIgniter\View\View->CodeIgniter\View\{closure}()
 6 SYSTEMPATH\Common.php(1190): CodeIgniter\View\View->render('dashboard', [], true)
 7 APPPATH\Controllers\Home.php(9): view('dashboard')
 8 SYSTEMPATH\CodeIgniter.php(942): App\Controllers\Home->index()
 9 SYSTEMPATH\CodeIgniter.php(502): CodeIgniter\CodeIgniter->runController(Object(App\Controllers\Home))
10 SYSTEMPATH\CodeIgniter.php(361): CodeIgniter\CodeIgniter->handleRequest(null, Object(Config\Cache), false)
11 FCPATH\index.php(79): CodeIgniter\CodeIgniter->run()
12 SYSTEMPATH\Commands\Server\rewrite.php(47): require_once('E:\\xamp\\htdocs\\wdpf55_codegitore\\Car_Repair_Admin_template\\public\\index.php')
