CRITICAL - 2023-12-11 11:36:34 --> Invalid argument supplied for foreach()
in APPPATH\Views\service\index.php on line 176.
 1 APPPATH\Views\service\index.php(176): CodeIgniter\Debug\Exceptions->errorHandler(2, 'Invalid argument supplied for foreach()', 'E:\\xamp\\htdocs\\wdpf55_codegitore\\Car_Repair_Admin_template\\app\\Views\\service\\index.php', 176, [...])
 2 SYSTEMPATH\View\View.php(228): include('E:\\xamp\\htdocs\\wdpf55_codegitore\\Car_Repair_Admin_template\\app\\Views\\service\\index.php')
 3 SYSTEMPATH\View\View.php(231): CodeIgniter\View\View->CodeIgniter\View\{closure}()
 4 SYSTEMPATH\Common.php(1190): CodeIgniter\View\View->render('service/index', [], true)
 5 APPPATH\Controllers\ServiceController.php(20): view('service/index')
 6 SYSTEMPATH\CodeIgniter.php(942): App\Controllers\ServiceController->index()
 7 SYSTEMPATH\CodeIgniter.php(502): CodeIgniter\CodeIgniter->runController(Object(App\Controllers\ServiceController))
 8 SYSTEMPATH\CodeIgniter.php(361): CodeIgniter\CodeIgniter->handleRequest(null, Object(Config\Cache), false)
 9 FCPATH\index.php(79): CodeIgniter\CodeIgniter->run()
10 SYSTEMPATH\Commands\Server\rewrite.php(47): require_once('E:\\xamp\\htdocs\\wdpf55_codegitore\\Car_Repair_Admin_template\\public\\index.php')
CRITICAL - 2023-12-11 11:36:36 --> Invalid argument supplied for foreach()
in APPPATH\Views\service\index.php on line 176.
 1 APPPATH\Views\service\index.php(176): CodeIgniter\Debug\Exceptions->errorHandler(2, 'Invalid argument supplied for foreach()', 'E:\\xamp\\htdocs\\wdpf55_codegitore\\Car_Repair_Admin_template\\app\\Views\\service\\index.php', 176, [...])
 2 SYSTEMPATH\View\View.php(228): include('E:\\xamp\\htdocs\\wdpf55_codegitore\\Car_Repair_Admin_template\\app\\Views\\service\\index.php')
 3 SYSTEMPATH\View\View.php(231): CodeIgniter\View\View->CodeIgniter\View\{closure}()
 4 SYSTEMPATH\Common.php(1190): CodeIgniter\View\View->render('service/index', [], true)
 5 APPPATH\Controllers\ServiceController.php(20): view('service/index')
 6 SYSTEMPATH\CodeIgniter.php(942): App\Controllers\ServiceController->index()
 7 SYSTEMPATH\CodeIgniter.php(502): CodeIgniter\CodeIgniter->runController(Object(App\Controllers\ServiceController))
 8 SYSTEMPATH\CodeIgniter.php(361): CodeIgniter\CodeIgniter->handleRequest(null, Object(Config\Cache), false)
 9 FCPATH\index.php(79): CodeIgniter\CodeIgniter->run()
10 SYSTEMPATH\Commands\Server\rewrite.php(47): require_once('E:\\xamp\\htdocs\\wdpf55_codegitore\\Car_Repair_Admin_template\\public\\index.php')
CRITICAL - 2023-12-11 11:36:37 --> Invalid argument supplied for foreach()
in APPPATH\Views\service\index.php on line 176.
 1 APPPATH\Views\service\index.php(176): CodeIgniter\Debug\Exceptions->errorHandler(2, 'Invalid argument supplied for foreach()', 'E:\\xamp\\htdocs\\wdpf55_codegitore\\Car_Repair_Admin_template\\app\\Views\\service\\index.php', 176, [...])
 2 SYSTEMPATH\View\View.php(228): include('E:\\xamp\\htdocs\\wdpf55_codegitore\\Car_Repair_Admin_template\\app\\Views\\service\\index.php')
 3 SYSTEMPATH\View\View.php(231): CodeIgniter\View\View->CodeIgniter\View\{closure}()
 4 SYSTEMPATH\Common.php(1190): CodeIgniter\View\View->render('service/index', [], true)
 5 APPPATH\Controllers\ServiceController.php(20): view('service/index')
 6 SYSTEMPATH\CodeIgniter.php(942): App\Controllers\ServiceController->index()
 7 SYSTEMPATH\CodeIgniter.php(502): CodeIgniter\CodeIgniter->runController(Object(App\Controllers\ServiceController))
 8 SYSTEMPATH\CodeIgniter.php(361): CodeIgniter\CodeIgniter->handleRequest(null, Object(Config\Cache), false)
 9 FCPATH\index.php(79): CodeIgniter\CodeIgniter->run()
10 SYSTEMPATH\Commands\Server\rewrite.php(47): require_once('E:\\xamp\\htdocs\\wdpf55_codegitore\\Car_Repair_Admin_template\\public\\index.php')
